Using pre-set license
Built from '2021.3/china_unity/release' branch; Version is '2021.3.44f1c1 (0c301d0bd4e3) revision 798749'; Using compiler version '192829333'; Build Type 'Release'
OS: 'Windows 10  (10.0.19044) 64bit Professional' Language: 'zh' Physical Memory: 65375 MB
BatchMode: 1, IsHumanControllingUs: 0, StartBugReporterOnCrash: 0, Is64bit: 1, IsPro: 1

COMMAND LINE ARGUMENTS:
C:\Program Files\Unity\Hub\Editor\2021.3.44f1c1\Editor\Unity.exe
-adb2
-batchMode
-noUpm
-name
AssetImportWorker6
-projectPath
D:/Unity/football
-logFile
Logs/AssetImportWorker6.log
-srvPort
52958
Successfully changed project path to: D:/Unity/football
D:/Unity/football
[UnityMemory] Configuration Parameters - Can be set up in boot.config
    "memorysetup-bucket-allocator-granularity=16"
    "memorysetup-bucket-allocator-bucket-count=8"
    "memorysetup-bucket-allocator-block-size=33554432"
    "memorysetup-bucket-allocator-block-count=8"
    "memorysetup-main-allocator-block-size=16777216"
    "memorysetup-thread-allocator-block-size=16777216"
    "memorysetup-gfx-main-allocator-block-size=16777216"
    "memorysetup-gfx-thread-allocator-block-size=16777216"
    "memorysetup-cache-allocator-block-size=4194304"
    "memorysetup-typetree-allocator-block-size=2097152"
    "memorysetup-profiler-bucket-allocator-granularity=16"
    "memorysetup-profiler-bucket-allocator-bucket-count=8"
    "memorysetup-profiler-bucket-allocator-block-size=33554432"
    "memorysetup-profiler-bucket-allocator-block-count=8"
    "memorysetup-profiler-allocator-block-size=16777216"
    "memorysetup-profiler-editor-allocator-block-size=1048576"
    "memorysetup-temp-allocator-size-main=16777216"
    "memorysetup-job-temp-allocator-block-size=2097152"
    "memorysetup-job-temp-allocator-block-size-background=1048576"
    "memorysetup-job-temp-allocator-reduction-small-platforms=262144"
    "memorysetup-temp-allocator-size-background-worker=32768"
    "memorysetup-temp-allocator-size-job-worker=262144"
    "memorysetup-temp-allocator-size-preload-manager=33554432"
    "memorysetup-temp-allocator-size-nav-mesh-worker=65536"
    "memorysetup-temp-allocator-size-audio-worker=65536"
    "memorysetup-temp-allocator-size-cloud-worker=32768"
    "memorysetup-temp-allocator-size-gi-baking-worker=262144"
    "memorysetup-temp-allocator-size-gfx=262144"
Player connection [28632] Host "[IP] 192.168.31.197 [Port] 0 [Flags] 2 [Guid] 1619638721 [EditorId] 1619638721 [Version] 1048832 [Id] WindowsEditor(7,DS-202405191929) [Debug] 1 [PackageName] WindowsEditor [ProjectName] Editor" joined multi-casting on [225.0.0.222:54997]...

Player connection [28632] Host "[IP] 192.168.31.197 [Port] 0 [Flags] 2 [Guid] 1619638721 [EditorId] 1619638721 [Version] 1048832 [Id] WindowsEditor(7,DS-202405191929) [Debug] 1 [PackageName] WindowsEditor [ProjectName] Editor" joined alternative multi-casting on [225.0.0.222:34997]...

AS: AutoStreaming module initializing.
[Physics::Module] Initialized MultithreadedJobDispatcher with {0} workers.
Refreshing native plugins compatible for Editor in 81.18 ms, found 3 plugins.
Preloading 0 native plugins for Editor in 0.00 ms.
Initialize engine version: 2021.3.44f1c1 (0c301d0bd4e3)
[Subsystems] Discovering subsystems at path C:/Program Files/Unity/Hub/Editor/2021.3.44f1c1/Editor/Data/Resources/UnitySubsystems
[Subsystems] Discovering subsystems at path D:/Unity/football/Assets
GfxDevice: creating device client; threaded=0; jobified=0
Direct3D:
    Version:  Direct3D 11.0 [level 11.1]
    Renderer: NVIDIA GeForce RTX 2060 (ID=0x1f08)
    Vendor:   NVIDIA
    VRAM:     5969 MB
    Driver:   31.0.15.4629
Initialize mono
Mono path[0] = 'C:/Program Files/Unity/Hub/Editor/2021.3.44f1c1/Editor/Data/Managed'
Mono path[1] = 'C:/Program Files/Unity/Hub/Editor/2021.3.44f1c1/Editor/Data/MonoBleedingEdge/lib/mono/unityjit-win32'
Mono config path = 'C:/Program Files/Unity/Hub/Editor/2021.3.44f1c1/Editor/Data/MonoBleedingEdge/etc'
Using monoOptions --debugger-agent=transport=dt_socket,embedding=1,server=y,suspend=n,address=127.0.0.1:56760
Begin MonoManager ReloadAssembly
Registering precompiled unity dll's ...
Register platform support module: C:/Program Files/Unity/Hub/Editor/2021.3.44f1c1/Editor/Data/PlaybackEngines/WebGLSupport/UnityEditor.WebGL.Extensions.dll
Register platform support module: C:/Program Files/Unity/Hub/Editor/2021.3.44f1c1/Editor/Data/PlaybackEngines/AndroidPlayer/UnityEditor.Android.Extensions.dll
Register platform support module: C:/Program Files/Unity/Hub/Editor/2021.3.44f1c1/Editor/Data/PlaybackEngines/WindowsStandaloneSupport/UnityEditor.WindowsStandalone.Extensions.dll
Registered in 0.013921 seconds.
Native extension for WindowsStandalone target not found
Native extension for Android target not found
Android Extension - Scanning For ADB Devices 375 ms
Native extension for WebGL target not found
Refreshing native plugins compatible for Editor in 77.74 ms, found 3 plugins.
Preloading 0 native plugins for Editor in 0.00 ms.
Mono: successfully reloaded assembly
- Completed reload, in  1.457 seconds
Domain Reload Profiling:
	ReloadAssembly (1457ms)
		BeginReloadAssembly (146ms)
			ExecutionOrderSort (0ms)
			DisableScriptedObjects (0ms)
			BackupInstance (0ms)
			ReleaseScriptingObjects (0ms)
			CreateAndSetChildDomain (1ms)
		EndReloadAssembly (1124ms)
			LoadAssemblies (141ms)
			RebuildTransferFunctionScriptingTraits (0ms)
			SetupTypeCache (165ms)
			ReleaseScriptCaches (0ms)
			RebuildScriptCaches (53ms)
			SetupLoadedEditorAssemblies (815ms)
				LogAssemblyErrors (0ms)
				InitializePlatformSupportModulesInManaged (511ms)
				SetLoadedEditorAssemblies (0ms)
				RefreshPlugins (78ms)
				BeforeProcessingInitializeOnLoad (2ms)
				ProcessInitializeOnLoadAttributes (158ms)
				ProcessInitializeOnLoadMethodAttributes (65ms)
				AfterProcessingInitializeOnLoad (0ms)
				EditorAssembliesLoaded (0ms)
			ExecutionOrderSort2 (0ms)
			AwakeInstancesAfterBackupRestoration (0ms)
Platform modules already initialized, skipping
Registering precompiled user dll's ...
Registered in 0.009270 seconds.
Begin MonoManager ReloadAssembly
Native extension for WindowsStandalone target not found
Native extension for Android target not found
Native extension for WebGL target not found
Refreshing native plugins compatible for Editor in 0.83 ms, found 3 plugins.
Preloading 0 native plugins for Editor in 0.00 ms.
Package Manager log level set to [2]
[Package Manager] Server::EnsureServerProcessIsRunning -- launch failed, reason: Unity was launched with the -noUpm command-line argument
[Package Manager] Cannot connect to Unity Package Manager local server
Mono: successfully reloaded assembly
- Completed reload, in  2.226 seconds
Domain Reload Profiling:
	ReloadAssembly (2227ms)
		BeginReloadAssembly (223ms)
			ExecutionOrderSort (0ms)
			DisableScriptedObjects (10ms)
			BackupInstance (0ms)
			ReleaseScriptingObjects (0ms)
			CreateAndSetChildDomain (29ms)
		EndReloadAssembly (1832ms)
			LoadAssemblies (157ms)
			RebuildTransferFunctionScriptingTraits (0ms)
			SetupTypeCache (401ms)
			ReleaseScriptCaches (1ms)
			RebuildScriptCaches (79ms)
			SetupLoadedEditorAssemblies (1153ms)
				LogAssemblyErrors (0ms)
				InitializePlatformSupportModulesInManaged (29ms)
				SetLoadedEditorAssemblies (1ms)
				RefreshPlugins (1ms)
				BeforeProcessingInitializeOnLoad (115ms)
				ProcessInitializeOnLoadAttributes (950ms)
				ProcessInitializeOnLoadMethodAttributes (38ms)
				AfterProcessingInitializeOnLoad (19ms)
				EditorAssembliesLoaded (0ms)
			ExecutionOrderSort2 (0ms)
			AwakeInstancesAfterBackupRestoration (9ms)
Platform modules already initialized, skipping
========================================================================
Worker process is ready to serve import requests
Launched and connected shader compiler UnityShaderCompiler.exe after 0.06 seconds
Refreshing native plugins compatible for Editor in 0.82 ms, found 3 plugins.
Preloading 0 native plugins for Editor in 0.00 ms.
Unloading 3116 Unused Serialized files (Serialized files now loaded: 0)
Unloading 24 unused Assets / (46.5 KB). Loaded Objects now: 3582.
Memory consumption went from 114.6 MB to 114.6 MB.
Total: 4.270100 ms (FindLiveObjects: 0.505500 ms CreateObjectMapping: 0.351300 ms MarkObjects: 3.330900 ms  DeleteObjects: 0.080900 ms)

AssetImportParameters requested are different than current active one (requested -> active):
  custom:video-decoder-ogg-theora: a1e56fd34408186e4bbccfd4996cb3dc -> 
  custom:container-muxer-webm: aa71ff27fc2769a1b78a27578f13a17b -> 
  custom:container-demuxer-webm: 4f35f7cbe854078d1ac9338744f61a02 -> 
  custom:video-encoder-webm-vp8: eb34c28f22e8b96e1ab97ce403110664 -> 
  custom:CustomObjectIndexerAttribute: bc11b3a6c3213fcdd17b65e7da85e133 -> 
  custom:audio-encoder-webm-vorbis: bf7c407c2cedff20999df2af8eb42d56 -> 
  custom:framework-win-MediaFoundation: 216162199b28c13a410421893ffa2e32 -> 
  custom:SearchIndexIgnoredProperties: e643bd26f0fe6173181afceb89e7c659 -> 
  custom:container-demuxer-ogg: 62fdf1f143b41e24485cea50d1cbac27 -> 
  custom:video-decoder-webm-vp8: 9c59270c3fd7afecdb556c50c9e8de78 -> 
  custom:audio-decoder-ogg-vorbis: bf7c407c2cedff20999df2af8eb42d56 -> 
========================================================================
Received Import Request.
  Time since last request: 12351.795137 seconds.
  path: Assets/FingerSoccerKit/Textures/Gfx/dirtyFlash.png
  artifactKey: Guid(c9f94b2976eb3c84fa240272a9938e43) Importer(815301076,1909f56bfc062723c751e8b465ee728b)
Number of updated assets reloaded before import = 0
Start importing Assets/FingerSoccerKit/Textures/Gfx/dirtyFlash.png using Guid(c9f94b2976eb3c84fa240272a9938e43) Importer(815301076,1909f56bfc062723c751e8b465ee728b)  -> (artifact id: '5bae6fbebed3ec629dcef19e8e217e2f') in 0.121169 seconds 
Number of asset objects unloaded after import = 2
========================================================================
Received Prepare
Registering precompiled user dll's ...
Registered in 0.008899 seconds.
Begin MonoManager ReloadAssembly
Native extension for WindowsStandalone target not found
Native extension for Android target not found
Native extension for WebGL target not found
Refreshing native plugins compatible for Editor in 0.74 ms, found 3 plugins.
Preloading 0 native plugins for Editor in 0.00 ms.
[Package Manager] Server::EnsureServerProcessIsRunning -- launch failed, reason: Unity was launched with the -noUpm command-line argument
[Package Manager] Cannot connect to Unity Package Manager local server
Mono: successfully reloaded assembly
- Completed reload, in  2.098 seconds
Domain Reload Profiling:
	ReloadAssembly (2099ms)
		BeginReloadAssembly (230ms)
			ExecutionOrderSort (0ms)
			DisableScriptedObjects (9ms)
			BackupInstance (0ms)
			ReleaseScriptingObjects (0ms)
			CreateAndSetChildDomain (52ms)
		EndReloadAssembly (1724ms)
			LoadAssemblies (149ms)
			RebuildTransferFunctionScriptingTraits (0ms)
			SetupTypeCache (408ms)
			ReleaseScriptCaches (2ms)
			RebuildScriptCaches (62ms)
			SetupLoadedEditorAssemblies (1075ms)
				LogAssemblyErrors (0ms)
				InitializePlatformSupportModulesInManaged (26ms)
				SetLoadedEditorAssemblies (1ms)
				RefreshPlugins (1ms)
				BeforeProcessingInitializeOnLoad (87ms)
				ProcessInitializeOnLoadAttributes (909ms)
				ProcessInitializeOnLoadMethodAttributes (35ms)
				AfterProcessingInitializeOnLoad (16ms)
				EditorAssembliesLoaded (0ms)
			ExecutionOrderSort2 (0ms)
			AwakeInstancesAfterBackupRestoration (9ms)
Platform modules already initialized, skipping
Refreshing native plugins compatible for Editor in 0.77 ms, found 3 plugins.
Preloading 0 native plugins for Editor in 0.00 ms.
Unloading 3096 Unused Serialized files (Serialized files now loaded: 0)
Unloading 19 unused Assets / (21.9 KB). Loaded Objects now: 3588.
Memory consumption went from 113.1 MB to 113.1 MB.
Total: 3.721400 ms (FindLiveObjects: 0.384300 ms CreateObjectMapping: 0.218600 ms MarkObjects: 3.094700 ms  DeleteObjects: 0.022400 ms)

AssetImportParameters requested are different than current active one (requested -> active):
  custom:video-decoder-ogg-theora: a1e56fd34408186e4bbccfd4996cb3dc -> 
  custom:container-muxer-webm: aa71ff27fc2769a1b78a27578f13a17b -> 
  custom:container-demuxer-webm: 4f35f7cbe854078d1ac9338744f61a02 -> 
  custom:video-encoder-webm-vp8: eb34c28f22e8b96e1ab97ce403110664 -> 
  custom:CustomObjectIndexerAttribute: bc11b3a6c3213fcdd17b65e7da85e133 -> 
  custom:audio-encoder-webm-vorbis: bf7c407c2cedff20999df2af8eb42d56 -> 
  custom:framework-win-MediaFoundation: 216162199b28c13a410421893ffa2e32 -> 
  custom:SearchIndexIgnoredProperties: e643bd26f0fe6173181afceb89e7c659 -> 
  custom:container-demuxer-ogg: 62fdf1f143b41e24485cea50d1cbac27 -> 
  custom:video-decoder-webm-vp8: 9c59270c3fd7afecdb556c50c9e8de78 -> 
  custom:audio-decoder-ogg-vorbis: bf7c407c2cedff20999df2af8eb42d56 -> 
========================================================================
Received Prepare
Registering precompiled user dll's ...
Registered in 0.009640 seconds.
Begin MonoManager ReloadAssembly
Native extension for WindowsStandalone target not found
Native extension for Android target not found
Native extension for WebGL target not found
Refreshing native plugins compatible for Editor in 0.96 ms, found 3 plugins.
Preloading 0 native plugins for Editor in 0.00 ms.
[Package Manager] Server::EnsureServerProcessIsRunning -- launch failed, reason: Unity was launched with the -noUpm command-line argument
[Package Manager] Cannot connect to Unity Package Manager local server
Mono: successfully reloaded assembly
- Completed reload, in  2.187 seconds
Domain Reload Profiling:
	ReloadAssembly (2188ms)
		BeginReloadAssembly (254ms)
			ExecutionOrderSort (0ms)
			DisableScriptedObjects (8ms)
			BackupInstance (0ms)
			ReleaseScriptingObjects (0ms)
			CreateAndSetChildDomain (68ms)
		EndReloadAssembly (1790ms)
			LoadAssemblies (142ms)
			RebuildTransferFunctionScriptingTraits (0ms)
			SetupTypeCache (403ms)
			ReleaseScriptCaches (2ms)
			RebuildScriptCaches (61ms)
			SetupLoadedEditorAssemblies (1135ms)
				LogAssemblyErrors (0ms)
				InitializePlatformSupportModulesInManaged (27ms)
				SetLoadedEditorAssemblies (1ms)
				RefreshPlugins (1ms)
				BeforeProcessingInitializeOnLoad (110ms)
				ProcessInitializeOnLoadAttributes (935ms)
				ProcessInitializeOnLoadMethodAttributes (44ms)
				AfterProcessingInitializeOnLoad (18ms)
				EditorAssembliesLoaded (0ms)
			ExecutionOrderSort2 (0ms)
			AwakeInstancesAfterBackupRestoration (9ms)
Platform modules already initialized, skipping
Refreshing native plugins compatible for Editor in 0.79 ms, found 3 plugins.
Preloading 0 native plugins for Editor in 0.00 ms.
Unloading 3096 Unused Serialized files (Serialized files now loaded: 0)
Unloading 19 unused Assets / (21.9 KB). Loaded Objects now: 3591.
Memory consumption went from 113.1 MB to 113.1 MB.
Total: 5.189900 ms (FindLiveObjects: 0.363500 ms CreateObjectMapping: 0.189000 ms MarkObjects: 4.605500 ms  DeleteObjects: 0.030300 ms)

AssetImportParameters requested are different than current active one (requested -> active):
  custom:video-decoder-ogg-theora: a1e56fd34408186e4bbccfd4996cb3dc -> 
  custom:container-muxer-webm: aa71ff27fc2769a1b78a27578f13a17b -> 
  custom:container-demuxer-webm: 4f35f7cbe854078d1ac9338744f61a02 -> 
  custom:video-encoder-webm-vp8: eb34c28f22e8b96e1ab97ce403110664 -> 
  custom:CustomObjectIndexerAttribute: bc11b3a6c3213fcdd17b65e7da85e133 -> 
  custom:audio-encoder-webm-vorbis: bf7c407c2cedff20999df2af8eb42d56 -> 
  custom:framework-win-MediaFoundation: 216162199b28c13a410421893ffa2e32 -> 
  custom:SearchIndexIgnoredProperties: e643bd26f0fe6173181afceb89e7c659 -> 
  custom:container-demuxer-ogg: 62fdf1f143b41e24485cea50d1cbac27 -> 
  custom:video-decoder-webm-vp8: 9c59270c3fd7afecdb556c50c9e8de78 -> 
  custom:audio-decoder-ogg-vorbis: bf7c407c2cedff20999df2af8eb42d56 -> 
========================================================================
Received Prepare
Registering precompiled user dll's ...
Registered in 0.009635 seconds.
Begin MonoManager ReloadAssembly
Native extension for WindowsStandalone target not found
Native extension for Android target not found
Native extension for WebGL target not found
Refreshing native plugins compatible for Editor in 0.77 ms, found 3 plugins.
Preloading 0 native plugins for Editor in 0.00 ms.
[Package Manager] Server::EnsureServerProcessIsRunning -- launch failed, reason: Unity was launched with the -noUpm command-line argument
[Package Manager] Cannot connect to Unity Package Manager local server
Mono: successfully reloaded assembly
- Completed reload, in  2.295 seconds
Domain Reload Profiling:
	ReloadAssembly (2296ms)
		BeginReloadAssembly (265ms)
			ExecutionOrderSort (0ms)
			DisableScriptedObjects (9ms)
			BackupInstance (0ms)
			ReleaseScriptingObjects (0ms)
			CreateAndSetChildDomain (71ms)
		EndReloadAssembly (1866ms)
			LoadAssemblies (161ms)
			RebuildTransferFunctionScriptingTraits (0ms)
			SetupTypeCache (441ms)
			ReleaseScriptCaches (2ms)
			RebuildScriptCaches (63ms)
			SetupLoadedEditorAssemblies (1170ms)
				LogAssemblyErrors (0ms)
				InitializePlatformSupportModulesInManaged (43ms)
				SetLoadedEditorAssemblies (1ms)
				RefreshPlugins (1ms)
				BeforeProcessingInitializeOnLoad (109ms)
				ProcessInitializeOnLoadAttributes (964ms)
				ProcessInitializeOnLoadMethodAttributes (34ms)
				AfterProcessingInitializeOnLoad (18ms)
				EditorAssembliesLoaded (0ms)
			ExecutionOrderSort2 (0ms)
			AwakeInstancesAfterBackupRestoration (9ms)
Platform modules already initialized, skipping
Refreshing native plugins compatible for Editor in 0.80 ms, found 3 plugins.
Preloading 0 native plugins for Editor in 0.00 ms.
Unloading 3096 Unused Serialized files (Serialized files now loaded: 0)
Unloading 19 unused Assets / (21.9 KB). Loaded Objects now: 3594.
Memory consumption went from 113.1 MB to 113.1 MB.
Total: 4.277700 ms (FindLiveObjects: 0.358400 ms CreateObjectMapping: 0.198400 ms MarkObjects: 3.697300 ms  DeleteObjects: 0.022600 ms)

AssetImportParameters requested are different than current active one (requested -> active):
  custom:video-decoder-ogg-theora: a1e56fd34408186e4bbccfd4996cb3dc -> 
  custom:container-muxer-webm: aa71ff27fc2769a1b78a27578f13a17b -> 
  custom:container-demuxer-webm: 4f35f7cbe854078d1ac9338744f61a02 -> 
  custom:video-encoder-webm-vp8: eb34c28f22e8b96e1ab97ce403110664 -> 
  custom:CustomObjectIndexerAttribute: bc11b3a6c3213fcdd17b65e7da85e133 -> 
  custom:audio-encoder-webm-vorbis: bf7c407c2cedff20999df2af8eb42d56 -> 
  custom:framework-win-MediaFoundation: 216162199b28c13a410421893ffa2e32 -> 
  custom:SearchIndexIgnoredProperties: e643bd26f0fe6173181afceb89e7c659 -> 
  custom:container-demuxer-ogg: 62fdf1f143b41e24485cea50d1cbac27 -> 
  custom:video-decoder-webm-vp8: 9c59270c3fd7afecdb556c50c9e8de78 -> 
  custom:audio-decoder-ogg-vorbis: bf7c407c2cedff20999df2af8eb42d56 -> 
========================================================================
Received Import Request.
  Time since last request: 517.968788 seconds.
  path: Assets/FingerSoccerKit/C#-Assets/Prefabs-C#/GoalPlane.prefab
  artifactKey: Guid(04d656588bff6f14984ae3cb031d2940) Importer(815301076,1909f56bfc062723c751e8b465ee728b)
Number of updated assets reloaded before import = 0
Start importing Assets/FingerSoccerKit/C#-Assets/Prefabs-C#/GoalPlane.prefab using Guid(04d656588bff6f14984ae3cb031d2940) Importer(815301076,1909f56bfc062723c751e8b465ee728b)  -> (artifact id: '18cd43f6a40bad13f71181b66ac0a7d1') in 0.150781 seconds 
Number of asset objects unloaded after import = 8
========================================================================
Received Import Request.
  Time since last request: 5.527772 seconds.
  path: Assets/FingerSoccerKit/Textures/UI/formationMain.png
  artifactKey: Guid(5ff162d366b1e7342bc761a5fbe04f76) Importer(815301076,1909f56bfc062723c751e8b465ee728b)
Number of updated assets reloaded before import = 0
Start importing Assets/FingerSoccerKit/Textures/UI/formationMain.png using Guid(5ff162d366b1e7342bc761a5fbe04f76) Importer(815301076,1909f56bfc062723c751e8b465ee728b)  -> (artifact id: '4ffa828a1fbd0a0fba33cea866155c4b') in 0.033510 seconds 
Number of asset objects unloaded after import = 2
========================================================================
Received Import Request.
  Time since last request: 0.160330 seconds.
  path: Assets/FingerSoccerKit/Resources/Fonts/slick.ttf
  artifactKey: Guid(d6c9bfa88c6d2a048aa2ad467b7ba872) Importer(815301076,1909f56bfc062723c751e8b465ee728b)
Number of updated assets reloaded before import = 0
Start importing Assets/FingerSoccerKit/Resources/Fonts/slick.ttf using Guid(d6c9bfa88c6d2a048aa2ad467b7ba872) Importer(815301076,1909f56bfc062723c751e8b465ee728b)  -> (artifact id: 'c917bb8c90c1b6528bcd3fd16d309a71') in 0.068651 seconds 
Number of asset objects unloaded after import = 4
========================================================================
Received Import Request.
  Time since last request: 0.000041 seconds.
  path: Assets/FingerSoccerKit/Textures/Flags/flag-15.png
  artifactKey: Guid(42cdde084064cfd4d9df13a281218ce7) Importer(815301076,1909f56bfc062723c751e8b465ee728b)
Number of updated assets reloaded before import = 0
Start importing Assets/FingerSoccerKit/Textures/Flags/flag-15.png using Guid(42cdde084064cfd4d9df13a281218ce7) Importer(815301076,1909f56bfc062723c751e8b465ee728b)  -> (artifact id: '08868d5abc85e852142ad68b7caa8986') in 0.011525 seconds 
Number of asset objects unloaded after import = 2
========================================================================
Received Import Request.
  Time since last request: 0.024042 seconds.
  path: Assets/FingerSoccerKit/Textures/Flags/flag-12.png
  artifactKey: Guid(525778029250fb7478378d9b053cd0dc) Importer(815301076,1909f56bfc062723c751e8b465ee728b)
Number of updated assets reloaded before import = 0
Start importing Assets/FingerSoccerKit/Textures/Flags/flag-12.png using Guid(525778029250fb7478378d9b053cd0dc) Importer(815301076,1909f56bfc062723c751e8b465ee728b)  -> (artifact id: 'd7a9992fd2274b91b3f767a9ed6eaed0') in 0.007856 seconds 
Number of asset objects unloaded after import = 2
========================================================================
Received Import Request.
  Time since last request: 0.126262 seconds.
  path: Assets/FingerSoccerKit/Textures/Flags/flag-10.png
  artifactKey: Guid(fdf2efc3e9b9415459d967f29ab3006f) Importer(815301076,1909f56bfc062723c751e8b465ee728b)
Number of updated assets reloaded before import = 0
Start importing Assets/FingerSoccerKit/Textures/Flags/flag-10.png using Guid(fdf2efc3e9b9415459d967f29ab3006f) Importer(815301076,1909f56bfc062723c751e8b465ee728b)  -> (artifact id: '65a6394410933d532849b9e8ee5ea637') in 0.012048 seconds 
Number of asset objects unloaded after import = 2
========================================================================
Received Import Request.
  Time since last request: 0.043291 seconds.
  path: Assets/FingerSoccerKit/Textures/Flags/flag-08.png
  artifactKey: Guid(791d0e0ea2f44da489036e88aecc7718) Importer(815301076,1909f56bfc062723c751e8b465ee728b)
Number of updated assets reloaded before import = 0
Start importing Assets/FingerSoccerKit/Textures/Flags/flag-08.png using Guid(791d0e0ea2f44da489036e88aecc7718) Importer(815301076,1909f56bfc062723c751e8b465ee728b)  -> (artifact id: '669dd6de6f42057543eeb1810b1c2ee5') in 0.009638 seconds 
Number of asset objects unloaded after import = 2
========================================================================
Received Import Request.
  Time since last request: 0.004149 seconds.
  path: Assets/FingerSoccerKit/Textures/Flags/flag-07.png
  artifactKey: Guid(c2c2765f899dd2e47abe7213fbed8136) Importer(815301076,1909f56bfc062723c751e8b465ee728b)
Number of updated assets reloaded before import = 0
Start importing Assets/FingerSoccerKit/Textures/Flags/flag-07.png using Guid(c2c2765f899dd2e47abe7213fbed8136) Importer(815301076,1909f56bfc062723c751e8b465ee728b)  -> (artifact id: 'e3a87955562bba5a78fcd53bbbe28c65') in 0.015368 seconds 
Number of asset objects unloaded after import = 2
========================================================================
Received Import Request.
  Time since last request: 0.416039 seconds.
  path: Assets/FingerSoccerKit/Textures/Menu/cellBG.png
  artifactKey: Guid(091b817b1e6449946876bc3a1ae2fb35) Importer(815301076,1909f56bfc062723c751e8b465ee728b)
Number of updated assets reloaded before import = 0
Start importing Assets/FingerSoccerKit/Textures/Menu/cellBG.png using Guid(091b817b1e6449946876bc3a1ae2fb35) Importer(815301076,1909f56bfc062723c751e8b465ee728b)  -> (artifact id: 'dba61ec0ccde1c4d572e917202353c16') in 0.014342 seconds 
Number of asset objects unloaded after import = 2
========================================================================
Received Import Request.
  Time since last request: 0.077692 seconds.
  path: Assets/FingerSoccerKit/Textures/UI/BTN3.png
  artifactKey: Guid(0fe791c7a59b66d47a0d515729594aee) Importer(815301076,1909f56bfc062723c751e8b465ee728b)
Number of updated assets reloaded before import = 0
Start importing Assets/FingerSoccerKit/Textures/UI/BTN3.png using Guid(0fe791c7a59b66d47a0d515729594aee) Importer(815301076,1909f56bfc062723c751e8b465ee728b)  -> (artifact id: '939fe383af1a606c142275d3180ed11e') in 0.009111 seconds 
Number of asset objects unloaded after import = 2
========================================================================
Received Import Request.
  Time since last request: 0.000019 seconds.
  path: Assets/FingerSoccerKit/Textures/UI/cellBG.png
  artifactKey: Guid(18b66ece1b7f12745b1ead6e995efd04) Importer(815301076,1909f56bfc062723c751e8b465ee728b)
Number of updated assets reloaded before import = 0
Start importing Assets/FingerSoccerKit/Textures/UI/cellBG.png using Guid(18b66ece1b7f12745b1ead6e995efd04) Importer(815301076,1909f56bfc062723c751e8b465ee728b)  -> (artifact id: 'e6ebac3f944b4d981ba33a91756b8d5a') in 0.009732 seconds 
Number of asset objects unloaded after import = 2
========================================================================
Received Import Request.
  Time since last request: 0.000016 seconds.
  path: Assets/FingerSoccerKit/Textures/UI/BuyTeams.png
  artifactKey: Guid(a7eac41cdb9d11649a3d359043fd3f5a) Importer(815301076,1909f56bfc062723c751e8b465ee728b)
Number of updated assets reloaded before import = 0
Start importing Assets/FingerSoccerKit/Textures/UI/BuyTeams.png using Guid(a7eac41cdb9d11649a3d359043fd3f5a) Importer(815301076,1909f56bfc062723c751e8b465ee728b)  -> (artifact id: 'e3ef4e34cbf8df2c2dde161860ab6b27') in 0.012571 seconds 
Number of asset objects unloaded after import = 2
========================================================================
Received Import Request.
  Time since last request: 0.119478 seconds.
  path: Assets/FingerSoccerKit/Textures/UI/BTN-Settings.png
  artifactKey: Guid(64afc77276caef34c863933534a597fd) Importer(815301076,1909f56bfc062723c751e8b465ee728b)
Number of updated assets reloaded before import = 0
Start importing Assets/FingerSoccerKit/Textures/UI/BTN-Settings.png using Guid(64afc77276caef34c863933534a597fd) Importer(815301076,1909f56bfc062723c751e8b465ee728b)  -> (artifact id: 'c2782c086010ad0ee63237cd5ed49035') in 0.008570 seconds 
Number of asset objects unloaded after import = 2
========================================================================
Received Import Request.
  Time since last request: 0.047872 seconds.
  path: Assets/FingerSoccerKit/Textures/UI/BTN-back.png
  artifactKey: Guid(993b49b1e0b2de24f860d73881dd4d30) Importer(815301076,1909f56bfc062723c751e8b465ee728b)
Number of updated assets reloaded before import = 0
Start importing Assets/FingerSoccerKit/Textures/UI/BTN-back.png using Guid(993b49b1e0b2de24f860d73881dd4d30) Importer(815301076,1909f56bfc062723c751e8b465ee728b)  -> (artifact id: '4e83419c6adcc88712a660db57484e10') in 0.007590 seconds 
Number of asset objects unloaded after import = 2
========================================================================
Received Import Request.
  Time since last request: 0.042179 seconds.
  path: Assets/FingerSoccerKit/Textures/Menu/btn-01.png
  artifactKey: Guid(4c405c1e1fe713b45a4262e75ec481bd) Importer(815301076,1909f56bfc062723c751e8b465ee728b)
Number of updated assets reloaded before import = 0
Start importing Assets/FingerSoccerKit/Textures/Menu/btn-01.png using Guid(4c405c1e1fe713b45a4262e75ec481bd) Importer(815301076,1909f56bfc062723c751e8b465ee728b)  -> (artifact id: '254c0aa1838a9106857ce120ec91ceda') in 0.028999 seconds 
Number of asset objects unloaded after import = 2
========================================================================
Received Import Request.
  Time since last request: 0.000019 seconds.
  path: Assets/FingerSoccerKit/Textures/Menu/btn-03.png
  artifactKey: Guid(1b5d7179381ae454d9bd7413ecbaab91) Importer(815301076,1909f56bfc062723c751e8b465ee728b)
Number of updated assets reloaded before import = 0
Start importing Assets/FingerSoccerKit/Textures/Menu/btn-03.png using Guid(1b5d7179381ae454d9bd7413ecbaab91) Importer(815301076,1909f56bfc062723c751e8b465ee728b)  -> (artifact id: '3679f8c0ede0048d1f7e2fffcacfb9a9') in 0.013775 seconds 
Number of asset objects unloaded after import = 2
========================================================================
Received Import Request.
  Time since last request: 0.106572 seconds.
  path: Assets/FingerSoccerKit/Textures/Ball/Ball-03.png
  artifactKey: Guid(6469cdc698137894db0b5e4ed1b985c9) Importer(815301076,1909f56bfc062723c751e8b465ee728b)
Number of updated assets reloaded before import = 0
Start importing Assets/FingerSoccerKit/Textures/Ball/Ball-03.png using Guid(6469cdc698137894db0b5e4ed1b985c9) Importer(815301076,1909f56bfc062723c751e8b465ee728b)  -> (artifact id: '3afafc40c03ee3bd421e32e8a9595e52') in 0.007850 seconds 
Number of asset objects unloaded after import = 2
========================================================================
Received Import Request.
  Time since last request: 0.084667 seconds.
  path: Assets/FingerSoccerKit/Textures/Backgrounds/Background-main.png
  artifactKey: Guid(5747d1d89d832c943a2b41843cf4b8da) Importer(815301076,1909f56bfc062723c751e8b465ee728b)
Number of updated assets reloaded before import = 0
Start importing Assets/FingerSoccerKit/Textures/Backgrounds/Background-main.png using Guid(5747d1d89d832c943a2b41843cf4b8da) Importer(815301076,1909f56bfc062723c751e8b465ee728b)  -> (artifact id: '64071fd6dabe251ff2048107ad252822') in 0.019699 seconds 
Number of asset objects unloaded after import = 2
========================================================================
Received Import Request.
  Time since last request: 0.000026 seconds.
  path: Assets/FingerSoccerKit/Textures/Ball/Ball-02.png
  artifactKey: Guid(d5cb3e59c9853b2498789f02c704591f) Importer(815301076,1909f56bfc062723c751e8b465ee728b)
Number of updated assets reloaded before import = 0
Start importing Assets/FingerSoccerKit/Textures/Ball/Ball-02.png using Guid(d5cb3e59c9853b2498789f02c704591f) Importer(815301076,1909f56bfc062723c751e8b465ee728b)  -> (artifact id: 'f4e6a4e05aaea68f5563d98053aa979a') in 0.008538 seconds 
Number of asset objects unloaded after import = 2
========================================================================
Received Import Request.
  Time since last request: 0.108611 seconds.
  path: Assets/FingerSoccerKit/Textures/UI/arrowL-Yellow.png
  artifactKey: Guid(2acf80afa3f95654c9dc8c586900ec63) Importer(815301076,1909f56bfc062723c751e8b465ee728b)
Number of updated assets reloaded before import = 0
Start importing Assets/FingerSoccerKit/Textures/UI/arrowL-Yellow.png using Guid(2acf80afa3f95654c9dc8c586900ec63) Importer(815301076,1909f56bfc062723c751e8b465ee728b)  -> (artifact id: '5b5f1227fe286f494906c623b331ed3f') in 0.007559 seconds 
Number of asset objects unloaded after import = 2
========================================================================
Received Import Request.
  Time since last request: 0.080244 seconds.
  path: Assets/FingerSoccerKit/Textures/UI/arrow.png
  artifactKey: Guid(081ad9835ef55574dac6b4ae7c19fe84) Importer(815301076,1909f56bfc062723c751e8b465ee728b)
Number of updated assets reloaded before import = 0
Start importing Assets/FingerSoccerKit/Textures/UI/arrow.png using Guid(081ad9835ef55574dac6b4ae7c19fe84) Importer(815301076,1909f56bfc062723c751e8b465ee728b)  -> (artifact id: '701cbcb598fa3b0ef10f9759449c4eac') in 0.008728 seconds 
Number of asset objects unloaded after import = 2
========================================================================
Received Import Request.
  Time since last request: 178.495940 seconds.
  path: Assets/FingerSoccerKit/C#-Assets/Scenes-C#/Menu-c#Settings.lighting
  artifactKey: Guid(270d9c93ce632044da4c4cf0df60f964) Importer(815301076,1909f56bfc062723c751e8b465ee728b)
Number of updated assets reloaded before import = 0
Start importing Assets/FingerSoccerKit/C#-Assets/Scenes-C#/Menu-c#Settings.lighting using Guid(270d9c93ce632044da4c4cf0df60f964) Importer(815301076,1909f56bfc062723c751e8b465ee728b) LightingSettings: switching bake backend from 1 to 0.
 -> (artifact id: 'abade67869365e7554a154545f4e0392') in 0.007347 seconds 
Number of asset objects unloaded after import = 1
========================================================================
Received Import Request.
  Time since last request: 3.091828 seconds.
  path: Assets/FingerSoccerKit/C#-Assets/Scenes-C#/Game-c#.unity
  artifactKey: Guid(710011599b644eb4b9c44d51e9d33090) Importer(815301076,1909f56bfc062723c751e8b465ee728b)
Number of updated assets reloaded before import = 0
Start importing Assets/FingerSoccerKit/C#-Assets/Scenes-C#/Game-c#.unity using Guid(710011599b644eb4b9c44d51e9d33090) Importer(815301076,1909f56bfc062723c751e8b465ee728b)  -> (artifact id: 'b87adc32a08a6d0991a127185d7d82a9') in 0.001469 seconds 
Number of asset objects unloaded after import = 0
========================================================================
Received Import Request.
  Time since last request: 48.405557 seconds.
  path: Assets/MIAOZIDONGMANTI-REGULAR SDF.asset
  artifactKey: Guid(cc4da9965f16f3245b0144faccfbd568) Importer(815301076,1909f56bfc062723c751e8b465ee728b)
Number of updated assets reloaded before import = 0
Start importing Assets/MIAOZIDONGMANTI-REGULAR SDF.asset using Guid(cc4da9965f16f3245b0144faccfbd568) Importer(815301076,1909f56bfc062723c751e8b465ee728b)  -> (artifact id: 'e0d1537df18f6359add8c53503d80718') in 0.068145 seconds 
Number of asset objects unloaded after import = 6
========================================================================
Received Import Request.
  Time since last request: 161.865077 seconds.
  path: Assets/TextMesh Pro/Resources/Fonts & Materials/LiberationSans SDF - Fallback.asset
  artifactKey: Guid(2e498d1c8094910479dc3e1b768306a4) Importer(815301076,1909f56bfc062723c751e8b465ee728b)
Number of updated assets reloaded before import = 0
Start importing Assets/TextMesh Pro/Resources/Fonts & Materials/LiberationSans SDF - Fallback.asset using Guid(2e498d1c8094910479dc3e1b768306a4) Importer(815301076,1909f56bfc062723c751e8b465ee728b)  -> (artifact id: 'ae42a7ec09f268b97f3260cc4276d7aa') in 0.023877 seconds 
Number of asset objects unloaded after import = 6
========================================================================
Received Import Request.
  Time since last request: 44.462179 seconds.
  path: Assets/MIAOZIDONGMANTI-REGULAR SDF.asset
  artifactKey: Guid(cc4da9965f16f3245b0144faccfbd568) Importer(815301076,1909f56bfc062723c751e8b465ee728b)
Number of updated assets reloaded before import = 0
Start importing Assets/MIAOZIDONGMANTI-REGULAR SDF.asset using Guid(cc4da9965f16f3245b0144faccfbd568) Importer(815301076,1909f56bfc062723c751e8b465ee728b)  -> (artifact id: '06aca2b1907a58e2bb8701dabd3a500c') in 0.067472 seconds 
Number of asset objects unloaded after import = 6
========================================================================
Received Prepare
Registering precompiled user dll's ...
Registered in 0.011856 seconds.
Begin MonoManager ReloadAssembly
Native extension for WindowsStandalone target not found
Native extension for Android target not found
Native extension for WebGL target not found
Refreshing native plugins compatible for Editor in 0.82 ms, found 3 plugins.
Preloading 0 native plugins for Editor in 0.00 ms.
[Package Manager] Server::EnsureServerProcessIsRunning -- launch failed, reason: Unity was launched with the -noUpm command-line argument
[Package Manager] Cannot connect to Unity Package Manager local server
Mono: successfully reloaded assembly
- Completed reload, in  2.271 seconds
Domain Reload Profiling:
	ReloadAssembly (2273ms)
		BeginReloadAssembly (274ms)
			ExecutionOrderSort (0ms)
			DisableScriptedObjects (9ms)
			BackupInstance (0ms)
			ReleaseScriptingObjects (0ms)
			CreateAndSetChildDomain (60ms)
		EndReloadAssembly (1839ms)
			LoadAssemblies (161ms)
			RebuildTransferFunctionScriptingTraits (0ms)
			SetupTypeCache (414ms)
			ReleaseScriptCaches (2ms)
			RebuildScriptCaches (62ms)
			SetupLoadedEditorAssemblies (1145ms)
				LogAssemblyErrors (0ms)
				InitializePlatformSupportModulesInManaged (29ms)
				SetLoadedEditorAssemblies (1ms)
				RefreshPlugins (1ms)
				BeforeProcessingInitializeOnLoad (94ms)
				ProcessInitializeOnLoadAttributes (919ms)
				ProcessInitializeOnLoadMethodAttributes (76ms)
				AfterProcessingInitializeOnLoad (25ms)
				EditorAssembliesLoaded (0ms)
			ExecutionOrderSort2 (0ms)
			AwakeInstancesAfterBackupRestoration (9ms)
Platform modules already initialized, skipping
Refreshing native plugins compatible for Editor in 0.77 ms, found 3 plugins.
Preloading 0 native plugins for Editor in 0.00 ms.
Unloading 3129 Unused Serialized files (Serialized files now loaded: 0)
Unloading 25 unused Assets / (21.9 KB). Loaded Objects now: 3696.
Memory consumption went from 119.0 MB to 118.9 MB.
Total: 3.692300 ms (FindLiveObjects: 0.347600 ms CreateObjectMapping: 0.166700 ms MarkObjects: 3.155700 ms  DeleteObjects: 0.021400 ms)

AssetImportParameters requested are different than current active one (requested -> active):
  custom:video-decoder-ogg-theora: a1e56fd34408186e4bbccfd4996cb3dc -> 
  custom:container-muxer-webm: aa71ff27fc2769a1b78a27578f13a17b -> 
  custom:container-demuxer-webm: 4f35f7cbe854078d1ac9338744f61a02 -> 
  custom:video-encoder-webm-vp8: eb34c28f22e8b96e1ab97ce403110664 -> 
  custom:CustomObjectIndexerAttribute: bc11b3a6c3213fcdd17b65e7da85e133 -> 
  custom:audio-encoder-webm-vorbis: bf7c407c2cedff20999df2af8eb42d56 -> 
  custom:framework-win-MediaFoundation: 216162199b28c13a410421893ffa2e32 -> 
  custom:SearchIndexIgnoredProperties: e643bd26f0fe6173181afceb89e7c659 -> 
  custom:container-demuxer-ogg: 62fdf1f143b41e24485cea50d1cbac27 -> 
  custom:video-decoder-webm-vp8: 9c59270c3fd7afecdb556c50c9e8de78 -> 
  custom:audio-decoder-ogg-vorbis: bf7c407c2cedff20999df2af8eb42d56 -> 
========================================================================
Received Import Request.
  Time since last request: 187.236839 seconds.
  path: Assets/cebianlan.png
  artifactKey: Guid(31a093acd8c54c64a8513bbd65ca6ae0) Importer(815301076,1909f56bfc062723c751e8b465ee728b)
Number of updated assets reloaded before import = 0
Start importing Assets/cebianlan.png using Guid(31a093acd8c54c64a8513bbd65ca6ae0) Importer(815301076,1909f56bfc062723c751e8b465ee728b)  -> (artifact id: 'b21d594b07f7629988d0d68cae57e675') in 0.066922 seconds 
Number of asset objects unloaded after import = 2
========================================================================
Received Import Request.
  Time since last request: 0.438382 seconds.
  path: Assets/cebianlan1.png
  artifactKey: Guid(c19c1eab13b45e445874693a7a01e420) Importer(815301076,1909f56bfc062723c751e8b465ee728b)
Number of updated assets reloaded before import = 0
Start importing Assets/cebianlan1.png using Guid(c19c1eab13b45e445874693a7a01e420) Importer(815301076,1909f56bfc062723c751e8b465ee728b)  -> (artifact id: '616842d4e824d09468db2cda1cd6cea3') in 0.017021 seconds 
Number of asset objects unloaded after import = 2
========================================================================
Received Import Request.
  Time since last request: 6.193056 seconds.
  path: Assets/cebianlan.png
  artifactKey: Guid(31a093acd8c54c64a8513bbd65ca6ae0) Importer(815301076,1909f56bfc062723c751e8b465ee728b)
Number of updated assets reloaded before import = 0
Start importing Assets/cebianlan.png using Guid(31a093acd8c54c64a8513bbd65ca6ae0) Importer(815301076,1909f56bfc062723c751e8b465ee728b)  -> (artifact id: '683f2c72061c8121b88b11ed99d240b7') in 0.089832 seconds 
Number of asset objects unloaded after import = 3
========================================================================
Received Import Request.
  Time since last request: 17.202660 seconds.
  path: Assets/FingerSoccerKit/C#-Assets/Scripts-C#/GoalKeeperController.cs
  artifactKey: Guid(485c57b8dd3dbbe41b5eb18f963e66ef) Importer(815301076,1909f56bfc062723c751e8b465ee728b)
Number of updated assets reloaded before import = 0
Start importing Assets/FingerSoccerKit/C#-Assets/Scripts-C#/GoalKeeperController.cs using Guid(485c57b8dd3dbbe41b5eb18f963e66ef) Importer(815301076,1909f56bfc062723c751e8b465ee728b)  -> (artifact id: 'd361315684d35873afd7586e907a4b8d') in 0.011978 seconds 
Number of asset objects unloaded after import = 0
========================================================================
Received Import Request.
  Time since last request: 8.838652 seconds.
  path: Assets/FingerSoccerKit/C#-Assets/Scripts-C#/CebianlanManager.cs
  artifactKey: Guid(7baf4b7d09875784b9351214b55a33ad) Importer(815301076,1909f56bfc062723c751e8b465ee728b)
Number of updated assets reloaded before import = 0
Start importing Assets/FingerSoccerKit/C#-Assets/Scripts-C#/CebianlanManager.cs using Guid(7baf4b7d09875784b9351214b55a33ad) Importer(815301076,1909f56bfc062723c751e8b465ee728b)  -> (artifact id: '80b1888a819724155dcf265f2e3c69e8') in 0.001510 seconds 
Number of asset objects unloaded after import = 0
========================================================================
Received Prepare
Registering precompiled user dll's ...
Registered in 0.012205 seconds.
Begin MonoManager ReloadAssembly
Native extension for WindowsStandalone target not found
Native extension for Android target not found
Native extension for WebGL target not found
Refreshing native plugins compatible for Editor in 0.90 ms, found 3 plugins.
Preloading 0 native plugins for Editor in 0.00 ms.
[Package Manager] Server::EnsureServerProcessIsRunning -- launch failed, reason: Unity was launched with the -noUpm command-line argument
[Package Manager] Cannot connect to Unity Package Manager local server
Mono: successfully reloaded assembly
- Completed reload, in  2.148 seconds
Domain Reload Profiling:
	ReloadAssembly (2149ms)
		BeginReloadAssembly (262ms)
			ExecutionOrderSort (0ms)
			DisableScriptedObjects (17ms)
			BackupInstance (0ms)
			ReleaseScriptingObjects (0ms)
			CreateAndSetChildDomain (68ms)
		EndReloadAssembly (1719ms)
			LoadAssemblies (155ms)
			RebuildTransferFunctionScriptingTraits (0ms)
			SetupTypeCache (401ms)
			ReleaseScriptCaches (2ms)
			RebuildScriptCaches (60ms)
			SetupLoadedEditorAssemblies (1078ms)
				LogAssemblyErrors (0ms)
				InitializePlatformSupportModulesInManaged (38ms)
				SetLoadedEditorAssemblies (1ms)
				RefreshPlugins (1ms)
				BeforeProcessingInitializeOnLoad (92ms)
				ProcessInitializeOnLoadAttributes (862ms)
				ProcessInitializeOnLoadMethodAttributes (67ms)
				AfterProcessingInitializeOnLoad (16ms)
				EditorAssembliesLoaded (0ms)
			ExecutionOrderSort2 (0ms)
			AwakeInstancesAfterBackupRestoration (8ms)
Platform modules already initialized, skipping
Refreshing native plugins compatible for Editor in 1.28 ms, found 3 plugins.
Preloading 0 native plugins for Editor in 0.00 ms.
Unloading 3130 Unused Serialized files (Serialized files now loaded: 0)
Unloading 25 unused Assets / (21.9 KB). Loaded Objects now: 3703.
Memory consumption went from 119.0 MB to 119.0 MB.
Total: 7.213700 ms (FindLiveObjects: 0.534300 ms CreateObjectMapping: 0.357100 ms MarkObjects: 6.279800 ms  DeleteObjects: 0.040300 ms)

AssetImportParameters requested are different than current active one (requested -> active):
  custom:video-decoder-ogg-theora: a1e56fd34408186e4bbccfd4996cb3dc -> 
  custom:container-muxer-webm: aa71ff27fc2769a1b78a27578f13a17b -> 
  custom:container-demuxer-webm: 4f35f7cbe854078d1ac9338744f61a02 -> 
  custom:video-encoder-webm-vp8: eb34c28f22e8b96e1ab97ce403110664 -> 
  custom:CustomObjectIndexerAttribute: bc11b3a6c3213fcdd17b65e7da85e133 -> 
  custom:audio-encoder-webm-vorbis: bf7c407c2cedff20999df2af8eb42d56 -> 
  custom:framework-win-MediaFoundation: 216162199b28c13a410421893ffa2e32 -> 
  custom:SearchIndexIgnoredProperties: e643bd26f0fe6173181afceb89e7c659 -> 
  custom:container-demuxer-ogg: 62fdf1f143b41e24485cea50d1cbac27 -> 
  custom:video-decoder-webm-vp8: 9c59270c3fd7afecdb556c50c9e8de78 -> 
  custom:audio-decoder-ogg-vorbis: bf7c407c2cedff20999df2af8eb42d56 -> 
========================================================================
Received Prepare
Registering precompiled user dll's ...
Registered in 0.011787 seconds.
Begin MonoManager ReloadAssembly
Native extension for WindowsStandalone target not found
Native extension for Android target not found
Native extension for WebGL target not found
Refreshing native plugins compatible for Editor in 0.86 ms, found 3 plugins.
Preloading 0 native plugins for Editor in 0.00 ms.
[Package Manager] Server::EnsureServerProcessIsRunning -- launch failed, reason: Unity was launched with the -noUpm command-line argument
[Package Manager] Cannot connect to Unity Package Manager local server
Mono: successfully reloaded assembly
- Completed reload, in  2.277 seconds
Domain Reload Profiling:
	ReloadAssembly (2278ms)
		BeginReloadAssembly (253ms)
			ExecutionOrderSort (0ms)
			DisableScriptedObjects (8ms)
			BackupInstance (0ms)
			ReleaseScriptingObjects (0ms)
			CreateAndSetChildDomain (58ms)
		EndReloadAssembly (1863ms)
			LoadAssemblies (178ms)
			RebuildTransferFunctionScriptingTraits (0ms)
			SetupTypeCache (398ms)
			ReleaseScriptCaches (2ms)
			RebuildScriptCaches (72ms)
			SetupLoadedEditorAssemblies (1187ms)
				LogAssemblyErrors (0ms)
				InitializePlatformSupportModulesInManaged (31ms)
				SetLoadedEditorAssemblies (1ms)
				RefreshPlugins (1ms)
				BeforeProcessingInitializeOnLoad (108ms)
				ProcessInitializeOnLoadAttributes (949ms)
				ProcessInitializeOnLoadMethodAttributes (78ms)
				AfterProcessingInitializeOnLoad (20ms)
				EditorAssembliesLoaded (0ms)
			ExecutionOrderSort2 (0ms)
			AwakeInstancesAfterBackupRestoration (9ms)
Platform modules already initialized, skipping
Refreshing native plugins compatible for Editor in 0.78 ms, found 3 plugins.
Preloading 0 native plugins for Editor in 0.00 ms.
Unloading 3130 Unused Serialized files (Serialized files now loaded: 0)
Unloading 25 unused Assets / (21.9 KB). Loaded Objects now: 3706.
Memory consumption went from 119.0 MB to 119.0 MB.
Total: 7.178400 ms (FindLiveObjects: 0.506400 ms CreateObjectMapping: 0.348800 ms MarkObjects: 6.278500 ms  DeleteObjects: 0.042400 ms)

AssetImportParameters requested are different than current active one (requested -> active):
  custom:video-decoder-ogg-theora: a1e56fd34408186e4bbccfd4996cb3dc -> 
  custom:container-muxer-webm: aa71ff27fc2769a1b78a27578f13a17b -> 
  custom:container-demuxer-webm: 4f35f7cbe854078d1ac9338744f61a02 -> 
  custom:video-encoder-webm-vp8: eb34c28f22e8b96e1ab97ce403110664 -> 
  custom:CustomObjectIndexerAttribute: bc11b3a6c3213fcdd17b65e7da85e133 -> 
  custom:audio-encoder-webm-vorbis: bf7c407c2cedff20999df2af8eb42d56 -> 
  custom:framework-win-MediaFoundation: 216162199b28c13a410421893ffa2e32 -> 
  custom:SearchIndexIgnoredProperties: e643bd26f0fe6173181afceb89e7c659 -> 
  custom:container-demuxer-ogg: 62fdf1f143b41e24485cea50d1cbac27 -> 
  custom:video-decoder-webm-vp8: 9c59270c3fd7afecdb556c50c9e8de78 -> 
  custom:audio-decoder-ogg-vorbis: bf7c407c2cedff20999df2af8eb42d56 -> 
========================================================================
Received Import Request.
  Time since last request: 172.679056 seconds.
  path: Assets/FingerSoccerKit/C#-Assets/Scenes-C#/Config-c#.unity
  artifactKey: Guid(0be66c77c07b876448784b9439941966) Importer(815301076,1909f56bfc062723c751e8b465ee728b)
Number of updated assets reloaded before import = 0
Start importing Assets/FingerSoccerKit/C#-Assets/Scenes-C#/Config-c#.unity using Guid(0be66c77c07b876448784b9439941966) Importer(815301076,1909f56bfc062723c751e8b465ee728b)  -> (artifact id: 'e4bd7a0bdafc924093fdf16bf5bc0f9c') in 0.008786 seconds 
Number of asset objects unloaded after import = 0
========================================================================
Received Import Request.
  Time since last request: 6.237224 seconds.
  path: Assets/FingerSoccerKit/C#-Assets/Scenes-C#/BuyCoinPack-c#.unity
  artifactKey: Guid(12a78a32ce4f70345baf5c70dab11c08) Importer(815301076,1909f56bfc062723c751e8b465ee728b)
Number of updated assets reloaded before import = 0
Start importing Assets/FingerSoccerKit/C#-Assets/Scenes-C#/BuyCoinPack-c#.unity using Guid(12a78a32ce4f70345baf5c70dab11c08) Importer(815301076,1909f56bfc062723c751e8b465ee728b)  -> (artifact id: 'ea2cf1b7eb9a2a1b0441d9861243b8f6') in 0.001426 seconds 
Number of asset objects unloaded after import = 0
========================================================================
Received Import Request.
  Time since last request: 103.263616 seconds.
  path: Assets/MIAOZIDONGMANTI-REGULAR SDF.asset
  artifactKey: Guid(cc4da9965f16f3245b0144faccfbd568) Importer(815301076,1909f56bfc062723c751e8b465ee728b)
Number of updated assets reloaded before import = 0
Start importing Assets/MIAOZIDONGMANTI-REGULAR SDF.asset using Guid(cc4da9965f16f3245b0144faccfbd568) Importer(815301076,1909f56bfc062723c751e8b465ee728b)  -> (artifact id: 'c91e990a52a5354951967730a33acc32') in 0.162347 seconds 
Number of asset objects unloaded after import = 6
========================================================================
Received Import Request.
  Time since last request: 0.316515 seconds.
  path: Assets/Plugins/ByteGame/com.bytedance.starksdk/Icons/official_icon_show2.png
  artifactKey: Guid(9031c5886340d44cfb5388e8fc197bbf) Importer(815301076,1909f56bfc062723c751e8b465ee728b)
Number of updated assets reloaded before import = 0
Start importing Assets/Plugins/ByteGame/com.bytedance.starksdk/Icons/official_icon_show2.png using Guid(9031c5886340d44cfb5388e8fc197bbf) Importer(815301076,1909f56bfc062723c751e8b465ee728b)  -> (artifact id: '086e8ff835484cc615041a35cdf7b45c') in 0.008951 seconds 
Number of asset objects unloaded after import = 2
========================================================================
Received Import Request.
  Time since last request: 1.179280 seconds.
  path: Assets/_ _ _ _ _ _ Yo__aigei_com.png
  artifactKey: Guid(e048ea4df34d26d48b3da7515a6b825a) Importer(815301076,1909f56bfc062723c751e8b465ee728b)
Number of updated assets reloaded before import = 0
Start importing Assets/_ _ _ _ _ _ Yo__aigei_com.png using Guid(e048ea4df34d26d48b3da7515a6b825a) Importer(815301076,1909f56bfc062723c751e8b465ee728b)  -> (artifact id: '4ccb431e1c588e765d4dc0ca8329baf4') in 0.049147 seconds 
Number of asset objects unloaded after import = 3
========================================================================
Received Import Request.
  Time since last request: 6.910853 seconds.
  path: Assets/FingerSoccerKit/Materials/Menu/coinPack-01.mat
  artifactKey: Guid(080b809564b985447ab38c61d1e3f085) Importer(815301076,1909f56bfc062723c751e8b465ee728b)
Number of updated assets reloaded before import = 0
Start importing Assets/FingerSoccerKit/Materials/Menu/coinPack-01.mat using Guid(080b809564b985447ab38c61d1e3f085) Importer(815301076,1909f56bfc062723c751e8b465ee728b)  -> (artifact id: '1147a015da86501ed426d9386f4bfeb2') in 0.012856 seconds 
Number of asset objects unloaded after import = 2
========================================================================
Received Import Request.
  Time since last request: 0.007039 seconds.
  path: Assets/FingerSoccerKit/Materials/Menu/coinPack-03.mat
  artifactKey: Guid(efaf1aebd83736741a5899b8ac372083) Importer(815301076,1909f56bfc062723c751e8b465ee728b)
Number of updated assets reloaded before import = 0
Start importing Assets/FingerSoccerKit/Materials/Menu/coinPack-03.mat using Guid(efaf1aebd83736741a5899b8ac372083) Importer(815301076,1909f56bfc062723c751e8b465ee728b)  -> (artifact id: 'bd589610e3327bc504892d6aa4a092ee') in 0.010173 seconds 
Number of asset objects unloaded after import = 2
========================================================================
Received Import Request.
  Time since last request: 0.000021 seconds.
  path: Assets/FingerSoccerKit/Materials/Flags/flag-02.mat
  artifactKey: Guid(febb3f5d7b7ca9841a257dcd89f7b0f3) Importer(815301076,1909f56bfc062723c751e8b465ee728b)
Number of updated assets reloaded before import = 0
Start importing Assets/FingerSoccerKit/Materials/Flags/flag-02.mat using Guid(febb3f5d7b7ca9841a257dcd89f7b0f3) Importer(815301076,1909f56bfc062723c751e8b465ee728b)  -> (artifact id: 'b0839a6209284421badf93aca97cdee7') in 0.010094 seconds 
Number of asset objects unloaded after import = 2
========================================================================
Received Import Request.
  Time since last request: 0.000017 seconds.
  path: Assets/FingerSoccerKit/Materials/Flags/flag-01.mat
  artifactKey: Guid(a2109025ce8c6aa49aa3e53192a8644f) Importer(815301076,1909f56bfc062723c751e8b465ee728b)
Number of updated assets reloaded before import = 0
Start importing Assets/FingerSoccerKit/Materials/Flags/flag-01.mat using Guid(a2109025ce8c6aa49aa3e53192a8644f) Importer(815301076,1909f56bfc062723c751e8b465ee728b)  -> (artifact id: 'd79675b005a86d902f74a4db4722d4d2') in 0.010950 seconds 
Number of asset objects unloaded after import = 2
========================================================================
Received Import Request.
  Time since last request: 0.000021 seconds.
  path: Assets/FingerSoccerKit/Materials/Tournament/Diagram.mat
  artifactKey: Guid(79e11f42b05607e4fa7051f58e1ff15d) Importer(815301076,1909f56bfc062723c751e8b465ee728b)
Number of updated assets reloaded before import = 0
Start importing Assets/FingerSoccerKit/Materials/Tournament/Diagram.mat using Guid(79e11f42b05607e4fa7051f58e1ff15d) Importer(815301076,1909f56bfc062723c751e8b465ee728b)  -> (artifact id: '0c872832dd3cad625c8c0b14b2da6755') in 0.009135 seconds 
Number of asset objects unloaded after import = 2
========================================================================
Received Import Request.
  Time since last request: 0.000018 seconds.
  path: Assets/FingerSoccerKit/Materials/UI/Draw.mat
  artifactKey: Guid(1bbb890875470434aa151e8b4aaa7a5c) Importer(815301076,1909f56bfc062723c751e8b465ee728b)
Number of updated assets reloaded before import = 0
Start importing Assets/FingerSoccerKit/Materials/UI/Draw.mat using Guid(1bbb890875470434aa151e8b4aaa7a5c) Importer(815301076,1909f56bfc062723c751e8b465ee728b)  -> (artifact id: '232ad2d3f3e1b3748ea3e83d4a8e76ff') in 0.009210 seconds 
Number of asset objects unloaded after import = 2
========================================================================
Received Import Request.
  Time since last request: 0.548041 seconds.
  path: Assets/FingerSoccerKit/Materials/Flags/flag-04.mat
  artifactKey: Guid(c302520f3b5fb40488bda2de32207beb) Importer(815301076,1909f56bfc062723c751e8b465ee728b)
Number of updated assets reloaded before import = 0
Start importing Assets/FingerSoccerKit/Materials/Flags/flag-04.mat using Guid(c302520f3b5fb40488bda2de32207beb) Importer(815301076,1909f56bfc062723c751e8b465ee728b)  -> (artifact id: '6bbef20337dcd9ce1101f6bac25ebda0') in 0.015251 seconds 
Number of asset objects unloaded after import = 2
========================================================================
Received Import Request.
  Time since last request: 0.081442 seconds.
  path: Assets/FingerSoccerKit/Materials/Flags/flag-08.mat
  artifactKey: Guid(99c68d8f10e55cd4585de3361ed31b65) Importer(815301076,1909f56bfc062723c751e8b465ee728b)
Number of updated assets reloaded before import = 0
Start importing Assets/FingerSoccerKit/Materials/Flags/flag-08.mat using Guid(99c68d8f10e55cd4585de3361ed31b65) Importer(815301076,1909f56bfc062723c751e8b465ee728b)  -> (artifact id: '3a811eecae96db19ca3b5ed57a19ab8c') in 0.019164 seconds 
Number of asset objects unloaded after import = 2
========================================================================
Received Import Request.
  Time since last request: 0.125648 seconds.
  path: Assets/FingerSoccerKit/Materials/Flags/flag-12.mat
  artifactKey: Guid(297f5f68a9be73f498548b4459956ebd) Importer(815301076,1909f56bfc062723c751e8b465ee728b)
Number of updated assets reloaded before import = 0
Start importing Assets/FingerSoccerKit/Materials/Flags/flag-12.mat using Guid(297f5f68a9be73f498548b4459956ebd) Importer(815301076,1909f56bfc062723c751e8b465ee728b)  -> (artifact id: '5f3710accfd0dd4584ac360687d0dbf3') in 0.024501 seconds 
Number of asset objects unloaded after import = 2
========================================================================
Received Import Request.
  Time since last request: 0.081932 seconds.
  path: Assets/FingerSoccerKit/Materials/Flags/flag-16.mat
  artifactKey: Guid(85c440667c191144181818c501a2f32f) Importer(815301076,1909f56bfc062723c751e8b465ee728b)
Number of updated assets reloaded before import = 0
Start importing Assets/FingerSoccerKit/Materials/Flags/flag-16.mat using Guid(85c440667c191144181818c501a2f32f) Importer(815301076,1909f56bfc062723c751e8b465ee728b)  -> (artifact id: 'bd63593e3cdb61c6cf5407595af55ecb') in 0.014773 seconds 
Number of asset objects unloaded after import = 2
========================================================================
Received Import Request.
  Time since last request: 0.130854 seconds.
  path: Assets/FingerSoccerKit/Materials/Menu/formationCell.mat
  artifactKey: Guid(f2ef635768e841e49b19e1272650352f) Importer(815301076,1909f56bfc062723c751e8b465ee728b)
Number of updated assets reloaded before import = 0
Start importing Assets/FingerSoccerKit/Materials/Menu/formationCell.mat using Guid(f2ef635768e841e49b19e1272650352f) Importer(815301076,1909f56bfc062723c751e8b465ee728b)  -> (artifact id: '998e0f9dba5aaa1fe3588ea64928dbed') in 0.015037 seconds 
Number of asset objects unloaded after import = 2
========================================================================
Received Import Request.
  Time since last request: 0.015191 seconds.
  path: Assets/FingerSoccerKit/Materials/Tournament/Frame-Normal.mat
  artifactKey: Guid(b4d1aa1aa2b87a04c8874bf0c668e6bd) Importer(815301076,1909f56bfc062723c751e8b465ee728b)
Number of updated assets reloaded before import = 0
Start importing Assets/FingerSoccerKit/Materials/Tournament/Frame-Normal.mat using Guid(b4d1aa1aa2b87a04c8874bf0c668e6bd) Importer(815301076,1909f56bfc062723c751e8b465ee728b)  -> (artifact id: '9ab5868c65c4a9015dbedfa33c7c71ff') in 0.010771 seconds 
Number of asset objects unloaded after import = 2
========================================================================
Received Import Request.
  Time since last request: 0.048288 seconds.
  path: Assets/FingerSoccerKit/Materials/Menu/gameLogo.mat
  artifactKey: Guid(3efc9fc5d9089a740b546bf97491405f) Importer(815301076,1909f56bfc062723c751e8b465ee728b)
Number of updated assets reloaded before import = 0
Start importing Assets/FingerSoccerKit/Materials/Menu/gameLogo.mat using Guid(3efc9fc5d9089a740b546bf97491405f) Importer(815301076,1909f56bfc062723c751e8b465ee728b)  -> (artifact id: 'ee777faf4e149b2444f459c96a6aad08') in 0.018890 seconds 
Number of asset objects unloaded after import = 2
========================================================================
Received Import Request.
  Time since last request: 0.103762 seconds.
  path: Assets/FingerSoccerKit/Materials/Backgrounds/Gate.mat
  artifactKey: Guid(0e72aeeed4c77634782037bef1c7fb88) Importer(815301076,1909f56bfc062723c751e8b465ee728b)
Number of updated assets reloaded before import = 0
Start importing Assets/FingerSoccerKit/Materials/Backgrounds/Gate.mat using Guid(0e72aeeed4c77634782037bef1c7fb88) Importer(815301076,1909f56bfc062723c751e8b465ee728b)  -> (artifact id: 'f24c26c192247d51cb08a12399231f2f') in 0.010292 seconds 
Number of asset objects unloaded after import = 2
========================================================================
Received Import Request.
  Time since last request: 0.002315 seconds.
  path: Assets/FingerSoccerKit/Materials/Menu/infoCell.mat
  artifactKey: Guid(e0c10bd40cccd424a831ce9519de7101) Importer(815301076,1909f56bfc062723c751e8b465ee728b)
Number of updated assets reloaded before import = 0
Start importing Assets/FingerSoccerKit/Materials/Menu/infoCell.mat using Guid(e0c10bd40cccd424a831ce9519de7101) Importer(815301076,1909f56bfc062723c751e8b465ee728b)  -> (artifact id: 'c1d362d2686c82234014a48827528adc') in 0.015042 seconds 
Number of asset objects unloaded after import = 2
========================================================================
Received Import Request.
  Time since last request: 0.070680 seconds.
  path: Assets/TextMesh Pro/Resources/Fonts & Materials/LiberationSans SDF - Outline.mat
  artifactKey: Guid(79459efec17a4d00a321bdcc27bbc385) Importer(815301076,1909f56bfc062723c751e8b465ee728b)
Number of updated assets reloaded before import = 0
Start importing Assets/TextMesh Pro/Resources/Fonts & Materials/LiberationSans SDF - Outline.mat using Guid(79459efec17a4d00a321bdcc27bbc385) Importer(815301076,1909f56bfc062723c751e8b465ee728b)  -> (artifact id: 'bdf7ca57766c5b9b5c94971c5f173817') in 0.123084 seconds 
Number of asset objects unloaded after import = 2
========================================================================
Received Import Request.
  Time since last request: 0.087257 seconds.
  path: Assets/FingerSoccerKit/Materials/Backgrounds/menuBG-02.mat
  artifactKey: Guid(f3580f92a3c171f4893a45b83f250850) Importer(815301076,1909f56bfc062723c751e8b465ee728b)
Number of updated assets reloaded before import = 0
Start importing Assets/FingerSoccerKit/Materials/Backgrounds/menuBG-02.mat using Guid(f3580f92a3c171f4893a45b83f250850) Importer(815301076,1909f56bfc062723c751e8b465ee728b)  -> (artifact id: '09d24428055840cb53122e896092a3cb') in 0.056715 seconds 
Number of asset objects unloaded after import = 2
========================================================================
Received Import Request.
  Time since last request: 0.074815 seconds.
  path: Assets/FingerSoccerKit/Materials/Menu/MenuOptions-04.mat
  artifactKey: Guid(1e8fac0e27bcf2f458f216ea17cbf0b6) Importer(815301076,1909f56bfc062723c751e8b465ee728b)
Number of updated assets reloaded before import = 0
Start importing Assets/FingerSoccerKit/Materials/Menu/MenuOptions-04.mat using Guid(1e8fac0e27bcf2f458f216ea17cbf0b6) Importer(815301076,1909f56bfc062723c751e8b465ee728b)  -> (artifact id: 'd84ca42e00aae2d37aee2f831ccc22f4') in 0.011157 seconds 
Number of asset objects unloaded after import = 2
========================================================================
Received Import Request.
  Time since last request: 0.088131 seconds.
  path: Assets/FingerSoccerKit/Materials/New Material.mat
  artifactKey: Guid(044e276760453ee4faa27429ddbb1a52) Importer(815301076,1909f56bfc062723c751e8b465ee728b)
Number of updated assets reloaded before import = 0
Start importing Assets/FingerSoccerKit/Materials/New Material.mat using Guid(044e276760453ee4faa27429ddbb1a52) Importer(815301076,1909f56bfc062723c751e8b465ee728b)  -> (artifact id: '696202443e756f2a121dffb1dd71acaa') in 0.009690 seconds 
Number of asset objects unloaded after import = 1
========================================================================
Received Import Request.
  Time since last request: 0.000417 seconds.
  path: Assets/FingerSoccerKit/Materials/New Material 2.mat
  artifactKey: Guid(7d13e2ffd5b44e446972c43dc60b66f1) Importer(815301076,1909f56bfc062723c751e8b465ee728b)
Number of updated assets reloaded before import = 0
Start importing Assets/FingerSoccerKit/Materials/New Material 2.mat using Guid(7d13e2ffd5b44e446972c43dc60b66f1) Importer(815301076,1909f56bfc062723c751e8b465ee728b)  -> (artifact id: 'ac91bdb6a3b5f744f0ac520abd51ae6f') in 0.014081 seconds 
Number of asset objects unloaded after import = 1
========================================================================
Received Import Request.
  Time since last request: 0.116867 seconds.
  path: Assets/FingerSoccerKit/Materials/UI/PauseBtn.mat
  artifactKey: Guid(73a5d73feb09b65498260ac951fbe417) Importer(815301076,1909f56bfc062723c751e8b465ee728b)
Number of updated assets reloaded before import = 0
Start importing Assets/FingerSoccerKit/Materials/UI/PauseBtn.mat using Guid(73a5d73feb09b65498260ac951fbe417) Importer(815301076,1909f56bfc062723c751e8b465ee728b)  -> (artifact id: '284b6713b18170e833e8acf400b855aa') in 0.020144 seconds 
Number of asset objects unloaded after import = 2
========================================================================
Received Import Request.
  Time since last request: 0.001886 seconds.
  path: Assets/FingerSoccerKit/Materials/UI/PowerBarBG.mat
  artifactKey: Guid(a3dd7b2918e5d50438976d64c7b2b511) Importer(815301076,1909f56bfc062723c751e8b465ee728b)
Number of updated assets reloaded before import = 0
Start importing Assets/FingerSoccerKit/Materials/UI/PowerBarBG.mat using Guid(a3dd7b2918e5d50438976d64c7b2b511) Importer(815301076,1909f56bfc062723c751e8b465ee728b)  -> (artifact id: 'b48cb96962efd3714cfa08e42eb476db') in 0.011679 seconds 
Number of asset objects unloaded after import = 1
========================================================================
Received Import Request.
  Time since last request: 0.079073 seconds.
  path: Assets/FingerSoccerKit/Materials/PenaltyKicks/Score-Goal.mat
  artifactKey: Guid(f5934f5924bd1b646950420202f1423e) Importer(815301076,1909f56bfc062723c751e8b465ee728b)
Number of updated assets reloaded before import = 0
Start importing Assets/FingerSoccerKit/Materials/PenaltyKicks/Score-Goal.mat using Guid(f5934f5924bd1b646950420202f1423e) Importer(815301076,1909f56bfc062723c751e8b465ee728b)  -> (artifact id: 'e1c7542f5fa9eb00aa714d76331bc0fb') in 0.014027 seconds 
Number of asset objects unloaded after import = 1
========================================================================
Received Import Request.
  Time since last request: 0.097672 seconds.
  path: Assets/FingerSoccerKit/Materials/PenaltyKicks/Score-Out.mat
  artifactKey: Guid(9944bb1c73d51d440afc70a3bae1846f) Importer(815301076,1909f56bfc062723c751e8b465ee728b)
Number of updated assets reloaded before import = 0
Start importing Assets/FingerSoccerKit/Materials/PenaltyKicks/Score-Out.mat using Guid(9944bb1c73d51d440afc70a3bae1846f) Importer(815301076,1909f56bfc062723c751e8b465ee728b)  -> (artifact id: 'b7ca452160e085212d197cd497cce0bd') in 0.012041 seconds 
Number of asset objects unloaded after import = 1
========================================================================
Received Import Request.
  Time since last request: 0.000509 seconds.
  path: Assets/FingerSoccerKit/Materials/UI/selectionCircle-01.mat
  artifactKey: Guid(37099f05bbd3ae64b9a752a1b0ef8fce) Importer(815301076,1909f56bfc062723c751e8b465ee728b)
Number of updated assets reloaded before import = 0
Start importing Assets/FingerSoccerKit/Materials/UI/selectionCircle-01.mat using Guid(37099f05bbd3ae64b9a752a1b0ef8fce) Importer(815301076,1909f56bfc062723c751e8b465ee728b)  -> (artifact id: 'edf7b985018e4cb1265cf81deb136b0c') in 0.025575 seconds 
Number of asset objects unloaded after import = 2
========================================================================
Received Import Request.
  Time since last request: 0.082405 seconds.
  path: Assets/FingerSoccerKit/Materials/UI/selectionCircle-03.mat
  artifactKey: Guid(e996518edcbdfcf4e9d83cecf8f61608) Importer(815301076,1909f56bfc062723c751e8b465ee728b)
Number of updated assets reloaded before import = 0
Start importing Assets/FingerSoccerKit/Materials/UI/selectionCircle-03.mat using Guid(e996518edcbdfcf4e9d83cecf8f61608) Importer(815301076,1909f56bfc062723c751e8b465ee728b)  -> (artifact id: '5baa4a17950e55d39d5b6d28357f5f52') in 0.015131 seconds 
Number of asset objects unloaded after import = 2
========================================================================
Received Import Request.
  Time since last request: 0.000025 seconds.
  path: Assets/FingerSoccerKit/Materials/Menu/shopTeam-01.mat
  artifactKey: Guid(e3fce4fe18a13fc43ad4e1235cb98f96) Importer(815301076,1909f56bfc062723c751e8b465ee728b)
Number of updated assets reloaded before import = 0
Start importing Assets/FingerSoccerKit/Materials/Menu/shopTeam-01.mat using Guid(e3fce4fe18a13fc43ad4e1235cb98f96) Importer(815301076,1909f56bfc062723c751e8b465ee728b)  -> (artifact id: '00ce568b1c5f01d69f90ebd025c4328d') in 0.009742 seconds 
Number of asset objects unloaded after import = 2
========================================================================
Received Import Request.
  Time since last request: 0.113233 seconds.
  path: Assets/FingerSoccerKit/Materials/Menu/shopTeam-03.mat
  artifactKey: Guid(7094a27fe6722244bad95f8eee37c438) Importer(815301076,1909f56bfc062723c751e8b465ee728b)
Number of updated assets reloaded before import = 0
Start importing Assets/FingerSoccerKit/Materials/Menu/shopTeam-03.mat using Guid(7094a27fe6722244bad95f8eee37c438) Importer(815301076,1909f56bfc062723c751e8b465ee728b)  -> (artifact id: '617755c7987e6e792e381faa1d2b79d8') in 0.012942 seconds 
Number of asset objects unloaded after import = 2
========================================================================
Received Import Request.
  Time since last request: 0.046243 seconds.
  path: Assets/FingerSoccerKit/Resources/Fonts/SLICKER-Blue.mat
  artifactKey: Guid(63b8c25eeb099c14798db4f7172a7d35) Importer(815301076,1909f56bfc062723c751e8b465ee728b)
Number of updated assets reloaded before import = 0
Start importing Assets/FingerSoccerKit/Resources/Fonts/SLICKER-Blue.mat using Guid(63b8c25eeb099c14798db4f7172a7d35) Importer(815301076,1909f56bfc062723c751e8b465ee728b)  -> (artifact id: '1e7d42df66084bd501c951c07efaa614') in 0.042188 seconds 
Number of asset objects unloaded after import = 2
========================================================================
Received Import Request.
  Time since last request: 0.000039 seconds.
  path: Assets/FingerSoccerKit/Materials/Backgrounds/soccerField-01.mat
  artifactKey: Guid(3f00f5813afa29c458cebd39d0fc955f) Importer(815301076,1909f56bfc062723c751e8b465ee728b)
Number of updated assets reloaded before import = 0
Start importing Assets/FingerSoccerKit/Materials/Backgrounds/soccerField-01.mat using Guid(3f00f5813afa29c458cebd39d0fc955f) Importer(815301076,1909f56bfc062723c751e8b465ee728b)  -> (artifact id: 'e07fea9f24f9e911ba6e3d57b30deb02') in 0.014542 seconds 
Number of asset objects unloaded after import = 2
========================================================================
Received Import Request.
  Time since last request: 0.104684 seconds.
  path: Assets/FingerSoccerKit/Materials/Gfx/Star-02.mat
  artifactKey: Guid(197f9e0c29b3b1c46827ff157b00d9a5) Importer(815301076,1909f56bfc062723c751e8b465ee728b)
Number of updated assets reloaded before import = 0
Start importing Assets/FingerSoccerKit/Materials/Gfx/Star-02.mat using Guid(197f9e0c29b3b1c46827ff157b00d9a5) Importer(815301076,1909f56bfc062723c751e8b465ee728b)  -> (artifact id: '02291a3d622e8fd46b2b1a09f3dd635d') in 0.012479 seconds 
Number of asset objects unloaded after import = 2
========================================================================
Received Import Request.
  Time since last request: 0.058275 seconds.
  path: Assets/FingerSoccerKit/Materials/Menu/Status-Img-01.mat
  artifactKey: Guid(bb25c88a14c41e54197f5e059cdf2365) Importer(815301076,1909f56bfc062723c751e8b465ee728b)
Number of updated assets reloaded before import = 0
Start importing Assets/FingerSoccerKit/Materials/Menu/Status-Img-01.mat using Guid(bb25c88a14c41e54197f5e059cdf2365) Importer(815301076,1909f56bfc062723c751e8b465ee728b)  -> (artifact id: 'd68e66901cf34a6d2f185afee9bb9ba7') in 0.010574 seconds 
Number of asset objects unloaded after import = 2
========================================================================
Received Import Request.
  Time since last request: 0.054663 seconds.
  path: Assets/FingerSoccerKit/Materials/Menu/Status-Plus.mat
  artifactKey: Guid(7cd13a5373c8c954f85b9c4895c20413) Importer(815301076,1909f56bfc062723c751e8b465ee728b)
Number of updated assets reloaded before import = 0
Start importing Assets/FingerSoccerKit/Materials/Menu/Status-Plus.mat using Guid(7cd13a5373c8c954f85b9c4895c20413) Importer(815301076,1909f56bfc062723c751e8b465ee728b)  -> (artifact id: '917f6b356782f805e4053cb182210a79') in 0.012202 seconds 
Number of asset objects unloaded after import = 2
========================================================================
Received Import Request.
  Time since last request: 0.087944 seconds.
  path: Assets/FingerSoccerKit/Materials/Tournament/Team-04.mat
  artifactKey: Guid(b7d11b6c4e520a44786e7cba9ca0aa32) Importer(815301076,1909f56bfc062723c751e8b465ee728b)
Number of updated assets reloaded before import = 0
Start importing Assets/FingerSoccerKit/Materials/Tournament/Team-04.mat using Guid(b7d11b6c4e520a44786e7cba9ca0aa32) Importer(815301076,1909f56bfc062723c751e8b465ee728b)  -> (artifact id: '7257cd5b8d734fe8d3e4465895f9c3ff') in 0.011244 seconds 
Number of asset objects unloaded after import = 2
========================================================================
Received Import Request.
  Time since last request: 0.003778 seconds.
  path: Assets/FingerSoccerKit/Materials/Tournament/Team-06.mat
  artifactKey: Guid(d536aa9e30854e14e929c6eceee859d3) Importer(815301076,1909f56bfc062723c751e8b465ee728b)
Number of updated assets reloaded before import = 0
Start importing Assets/FingerSoccerKit/Materials/Tournament/Team-06.mat using Guid(d536aa9e30854e14e929c6eceee859d3) Importer(815301076,1909f56bfc062723c751e8b465ee728b)  -> (artifact id: '9893c534b3152278cf3dc60a9f49a0a1') in 0.017232 seconds 
Number of asset objects unloaded after import = 2
========================================================================
Received Import Request.
  Time since last request: 0.070534 seconds.
  path: Assets/FingerSoccerKit/Materials/Tournament/Team-08.mat
  artifactKey: Guid(8eb648d5f76b9cb46acde12e8a484252) Importer(815301076,1909f56bfc062723c751e8b465ee728b)
Number of updated assets reloaded before import = 0
Start importing Assets/FingerSoccerKit/Materials/Tournament/Team-08.mat using Guid(8eb648d5f76b9cb46acde12e8a484252) Importer(815301076,1909f56bfc062723c751e8b465ee728b)  -> (artifact id: '25d20dafd38b466fa1b44ede4fd58c2f') in 0.014668 seconds 
Number of asset objects unloaded after import = 2
========================================================================
Received Import Request.
  Time since last request: 0.091276 seconds.
  path: Assets/FingerSoccerKit/Materials/UI/TimeBar.mat
  artifactKey: Guid(e56380b05ea449742930239029415196) Importer(815301076,1909f56bfc062723c751e8b465ee728b)
Number of updated assets reloaded before import = 0
Start importing Assets/FingerSoccerKit/Materials/UI/TimeBar.mat using Guid(e56380b05ea449742930239029415196) Importer(815301076,1909f56bfc062723c751e8b465ee728b)  -> (artifact id: 'c49d2ea416083ab4a3b83621a153a646') in 0.016601 seconds 
Number of asset objects unloaded after import = 2
========================================================================
Received Import Request.
  Time since last request: 0.049015 seconds.
  path: Assets/FingerSoccerKit/Materials/UI/UI-FG.mat
  artifactKey: Guid(a0010f3eafca882448f62643fa2a2d6e) Importer(815301076,1909f56bfc062723c751e8b465ee728b)
Number of updated assets reloaded before import = 0
Start importing Assets/FingerSoccerKit/Materials/UI/UI-FG.mat using Guid(a0010f3eafca882448f62643fa2a2d6e) Importer(815301076,1909f56bfc062723c751e8b465ee728b)  -> (artifact id: '58746c19fa76cd07ab2e9c22cdf0349e') in 0.019274 seconds 
Number of asset objects unloaded after import = 2
========================================================================
Received Import Request.
  Time since last request: 2.477370 seconds.
  path: Assets/FingerSoccerKit/Materials/Menu/cellBG-03.mat
  artifactKey: Guid(27da2e7e5ebe19a4587b5e603c46d030) Importer(815301076,1909f56bfc062723c751e8b465ee728b)
Number of updated assets reloaded before import = 0
Start importing Assets/FingerSoccerKit/Materials/Menu/cellBG-03.mat using Guid(27da2e7e5ebe19a4587b5e603c46d030) Importer(815301076,1909f56bfc062723c751e8b465ee728b)  -> (artifact id: '1ca0edc96d26e4a7cea7c62984b99288') in 0.009708 seconds 
Number of asset objects unloaded after import = 2
========================================================================
Received Import Request.
  Time since last request: 0.000020 seconds.
  path: Assets/FingerSoccerKit/Materials/Menu/cellBG-01.mat
  artifactKey: Guid(2c43472421e5d1e429f5056118598a43) Importer(815301076,1909f56bfc062723c751e8b465ee728b)
Number of updated assets reloaded before import = 0
Start importing Assets/FingerSoccerKit/Materials/Menu/cellBG-01.mat using Guid(2c43472421e5d1e429f5056118598a43) Importer(815301076,1909f56bfc062723c751e8b465ee728b)  -> (artifact id: '5e9ae7cb94b1dab368d4703ad72fe36b') in 0.014355 seconds 
Number of asset objects unloaded after import = 2
========================================================================
Received Import Request.
  Time since last request: 0.048551 seconds.
  path: Assets/FingerSoccerKit/Materials/Menu/BuyFormaion.mat
  artifactKey: Guid(0faf2959dd034bb4881b04be9cd23a04) Importer(815301076,1909f56bfc062723c751e8b465ee728b)
Number of updated assets reloaded before import = 0
Start importing Assets/FingerSoccerKit/Materials/Menu/BuyFormaion.mat using Guid(0faf2959dd034bb4881b04be9cd23a04) Importer(815301076,1909f56bfc062723c751e8b465ee728b)  -> (artifact id: '53007b487de88ea4890e6a6247db2d82') in 0.011107 seconds 
Number of asset objects unloaded after import = 2
========================================================================
Received Import Request.
  Time since last request: 0.037381 seconds.
  path: Assets/FingerSoccerKit/Materials/Menu/Btn-01.mat
  artifactKey: Guid(52f296a63f488584bae0969d90a1f837) Importer(815301076,1909f56bfc062723c751e8b465ee728b)
Number of updated assets reloaded before import = 0
Start importing Assets/FingerSoccerKit/Materials/Menu/Btn-01.mat using Guid(52f296a63f488584bae0969d90a1f837) Importer(815301076,1909f56bfc062723c751e8b465ee728b)  -> (artifact id: '954b0749e9a768b90ebc4119ddf11e5a') in 0.009802 seconds 
Number of asset objects unloaded after import = 2
========================================================================
Received Import Request.
  Time since last request: 0.000036 seconds.
  path: Assets/FingerSoccerKit/Materials/Menu/btnImg-02.mat
  artifactKey: Guid(35019587110c0a547bac12e781b5b87a) Importer(815301076,1909f56bfc062723c751e8b465ee728b)
Number of updated assets reloaded before import = 0
Start importing Assets/FingerSoccerKit/Materials/Menu/btnImg-02.mat using Guid(35019587110c0a547bac12e781b5b87a) Importer(815301076,1909f56bfc062723c751e8b465ee728b)  -> (artifact id: '84f4ff96a7d7f728185a7a7e9222cc2e') in 0.014576 seconds 
Number of asset objects unloaded after import = 2
========================================================================
Received Import Request.
  Time since last request: 0.000019 seconds.
  path: Assets/FingerSoccerKit/Materials/Tournament/BtnExit.mat
  artifactKey: Guid(4e58e7c81d25c4d45a8db6db0be6db51) Importer(815301076,1909f56bfc062723c751e8b465ee728b)
Number of updated assets reloaded before import = 0
Start importing Assets/FingerSoccerKit/Materials/Tournament/BtnExit.mat using Guid(4e58e7c81d25c4d45a8db6db0be6db51) Importer(815301076,1909f56bfc062723c751e8b465ee728b)  -> (artifact id: 'f7e556cdc194d0a2b992f408d104a4d7') in 0.011759 seconds 
Number of asset objects unloaded after import = 2
========================================================================
Received Import Request.
  Time since last request: 0.019633 seconds.
  path: Assets/FingerSoccerKit/Materials/Menu/arrowRight.mat
  artifactKey: Guid(7b7e5cb3c9abe4c41afc216a28e3e1a8) Importer(815301076,1909f56bfc062723c751e8b465ee728b)
Number of updated assets reloaded before import = 0
Start importing Assets/FingerSoccerKit/Materials/Menu/arrowRight.mat using Guid(7b7e5cb3c9abe4c41afc216a28e3e1a8) Importer(815301076,1909f56bfc062723c751e8b465ee728b)  -> (artifact id: '4abb7f5733b6b567db593c833fedc0a1') in 0.010724 seconds 
Number of asset objects unloaded after import = 2
========================================================================
Received Import Request.
  Time since last request: 0.000023 seconds.
  path: Assets/FingerSoccerKit/Materials/Ball/Ball-03.mat
  artifactKey: Guid(91afcef0724839b449044a11dcf4364e) Importer(815301076,1909f56bfc062723c751e8b465ee728b)
Number of updated assets reloaded before import = 0
Start importing Assets/FingerSoccerKit/Materials/Ball/Ball-03.mat using Guid(91afcef0724839b449044a11dcf4364e) Importer(815301076,1909f56bfc062723c751e8b465ee728b)  -> (artifact id: '5d2cafd012b6f5920a7dc52e45c9736d') in 0.008930 seconds 
Number of asset objects unloaded after import = 2
Editor requested this worker to shutdown with reason: Scaling down because of idle timeout
AssetImportWorker is now disconnected from the server
Process exiting
Exiting without the bug reporter. Application will terminate with return code 0