Using pre-set license
Built from '2020.3/china_unity/release' branch; Version is '2021.3.41f1c1 (abf9ed549ceb) revision 11270637'; Using compiler version '192829333'; Build Type 'Release'
OS: 'Windows 10  (10.0.19044) 64bit Professional' Language: 'zh' Physical Memory: 65375 MB
BatchMode: 1, IsHumanControllingUs: 0, StartBugReporterOnCrash: 0, Is64bit: 1, IsPro: 1

COMMAND LINE ARGUMENTS:
C:\Program Files\Unity\Hub\Editor\2021.3.41f1c1\Editor\Unity.exe
-adb2
-batchMode
-noUpm
-name
AssetImportWorker1
-projectPath
D:/Unity/手指足球拉取/football
-logFile
Logs/AssetImportWorker1.log
-srvPort
59135
Successfully changed project path to: D:/Unity/手指足球拉取/football
D:/Unity/手指足球拉取/football
[UnityMemory] Configuration Parameters - Can be set up in boot.config
    "memorysetup-bucket-allocator-granularity=16"
    "memorysetup-bucket-allocator-bucket-count=8"
    "memorysetup-bucket-allocator-block-size=33554432"
    "memorysetup-bucket-allocator-block-count=8"
    "memorysetup-main-allocator-block-size=16777216"
    "memorysetup-thread-allocator-block-size=16777216"
    "memorysetup-gfx-main-allocator-block-size=16777216"
    "memorysetup-gfx-thread-allocator-block-size=16777216"
    "memorysetup-cache-allocator-block-size=4194304"
    "memorysetup-typetree-allocator-block-size=2097152"
    "memorysetup-profiler-bucket-allocator-granularity=16"
    "memorysetup-profiler-bucket-allocator-bucket-count=8"
    "memorysetup-profiler-bucket-allocator-block-size=33554432"
    "memorysetup-profiler-bucket-allocator-block-count=8"
    "memorysetup-profiler-allocator-block-size=16777216"
    "memorysetup-profiler-editor-allocator-block-size=1048576"
    "memorysetup-temp-allocator-size-main=16777216"
    "memorysetup-job-temp-allocator-block-size=2097152"
    "memorysetup-job-temp-allocator-block-size-background=1048576"
    "memorysetup-job-temp-allocator-reduction-small-platforms=262144"
    "memorysetup-temp-allocator-size-background-worker=32768"
    "memorysetup-temp-allocator-size-job-worker=262144"
    "memorysetup-temp-allocator-size-preload-manager=33554432"
    "memorysetup-temp-allocator-size-nav-mesh-worker=65536"
    "memorysetup-temp-allocator-size-audio-worker=65536"
    "memorysetup-temp-allocator-size-cloud-worker=32768"
    "memorysetup-temp-allocator-size-gi-baking-worker=262144"
    "memorysetup-temp-allocator-size-gfx=262144"
Player connection [26112] Host "[IP] 192.168.31.197 [Port] 0 [Flags] 2 [Guid] 3825921539 [EditorId] 3825921539 [Version] 1048832 [Id] WindowsEditor(7,DS-202405191929) [Debug] 1 [PackageName] WindowsEditor [ProjectName] Editor" joined multi-casting on [225.0.0.222:54997]...

Player connection [26112] Host "[IP] 192.168.31.197 [Port] 0 [Flags] 2 [Guid] 3825921539 [EditorId] 3825921539 [Version] 1048832 [Id] WindowsEditor(7,DS-202405191929) [Debug] 1 [PackageName] WindowsEditor [ProjectName] Editor" joined alternative multi-casting on [225.0.0.222:34997]...

AS: AutoStreaming module initializing.
[Physics::Module] Initialized MultithreadedJobDispatcher with {0} workers.
Refreshing native plugins compatible for Editor in 79.92 ms, found 3 plugins.
Preloading 0 native plugins for Editor in 0.00 ms.
Initialize engine version: 2021.3.41f1c1 (abf9ed549ceb)
[Subsystems] Discovering subsystems at path C:/Program Files/Unity/Hub/Editor/2021.3.41f1c1/Editor/Data/Resources/UnitySubsystems
[Subsystems] Discovering subsystems at path D:/Unity/手指足球拉取/football/Assets
GfxDevice: creating device client; threaded=0; jobified=0
Direct3D:
    Version:  Direct3D 11.0 [level 11.1]
    Renderer: NVIDIA GeForce RTX 2060 (ID=0x1f08)
    Vendor:   NVIDIA
    VRAM:     5969 MB
    Driver:   31.0.15.4629
Initialize mono
Mono path[0] = 'C:/Program Files/Unity/Hub/Editor/2021.3.41f1c1/Editor/Data/Managed'
Mono path[1] = 'C:/Program Files/Unity/Hub/Editor/2021.3.41f1c1/Editor/Data/MonoBleedingEdge/lib/mono/unityjit-win32'
Mono config path = 'C:/Program Files/Unity/Hub/Editor/2021.3.41f1c1/Editor/Data/MonoBleedingEdge/etc'
Using monoOptions --debugger-agent=transport=dt_socket,embedding=1,server=y,suspend=n,address=127.0.0.1:56928
Begin MonoManager ReloadAssembly
Registering precompiled unity dll's ...
Register platform support module: C:/Program Files/Unity/Hub/Editor/2021.3.41f1c1/Editor/Data/PlaybackEngines/WebGLSupport/UnityEditor.WebGL.Extensions.dll
Register platform support module: C:/Program Files/Unity/Hub/Editor/2021.3.41f1c1/Editor/Data/PlaybackEngines/AndroidPlayer/UnityEditor.Android.Extensions.dll
Register platform support module: C:/Program Files/Unity/Hub/Editor/2021.3.41f1c1/Editor/Data/PlaybackEngines/WindowsStandaloneSupport/UnityEditor.WindowsStandalone.Extensions.dll
Registered in 0.012714 seconds.
Native extension for WindowsStandalone target not found
Native extension for Android target not found
Android SDK Build-tools component is not found. Make sure all tools are installed in the SDK manager.
UnityEngine.StackTraceUtility:ExtractStackTrace ()
UnityEngine.DebugLogHandler:LogFormat (UnityEngine.LogType,UnityEngine.Object,string,object[])
UnityEngine.Logger:Log (UnityEngine.LogType,object)
UnityEngine.Debug:LogError (object)
UnityEditor.Android.AndroidSDKTools:UpdateToolsDirectories ()
UnityEditor.Android.AndroidSDKTools:.ctor (string)
UnityEditor.Android.AndroidSDKTools:CreateAndroidSDKTools (string)
UnityEditor.Android.AndroidSDKTools:GetInstance<UnityEditor.Android.AndroidSDKTools> (UnityEditor.Android.AndroidSDKTools/InstanceCreator)
UnityEditor.Android.AndroidSDKTools:GetInstance ()
UnityEditor.Android.AndroidDeploymentTargetsExtension:GetMainThreadContext (bool)
UnityEditor.Android.TargetExtension:OnUsbDevicesChanged (UnityEditor.Hardware.UsbDevice[])
UnityEditor.Android.TargetExtension:OnLoad ()
UnityEditor.Modules.ModuleManager:InitializePlatformSupportModules ()

An ADB process has shut down when we were accessing it, the following System.ArgumentException has been thrown: The specified path is not of a legal form (empty)..
InvalidOperationException: Cannot start process because a file name has not been provided.
  at System.Diagnostics.Process.Start () [0x00024] in <a3c32f2a832547c1bce7833b919abc42>:0 
  at (wrapper remoting-invoke-with-check) System.Diagnostics.Process.Start()
  at UnityEditor.Android.ProgramAsShellExecute.Start (System.Diagnostics.ProcessStartInfo psi) [0x0000e] in <ab639f04fe68482e8095b4649da26631>:0 
  at UnityEditor.Android.Command.RunWithShellExecute (System.String command, System.String args, System.String workingdir, System.String errorMsg) [0x0003e] in <ab639f04fe68482e8095b4649da26631>:0 
  at UnityEditor.Android.ADB.StartServer () [0x00013] in <ab639f04fe68482e8095b4649da26631>:0 
  at UnityEditor.Android.ADB.Run (System.String[] command, UnityEditor.Android.Command+WaitingForProcessToExit waitingForProcessToExit, System.String errorMsg) [0x0000b] in <ab639f04fe68482e8095b4649da26631>:0 
  at UnityEditor.Android.AndroidDeploymentTargetsExtension.GetKnownTargets (UnityEditor.DeploymentTargets.IDeploymentTargetsMainThreadContext context, UnityEditor.ProgressHandler progressHandler) [0x002ae] in <ab639f04fe68482e8095b4649da26631>:0 
  at UnityEditor.Android.TargetScanWorker.ScanSync () [0x00039] in <ab639f04fe68482e8095b4649da26631>:0 
  at UnityEditor.Android.TargetExtension.OnUsbDevicesChanged (UnityEditor.Hardware.UsbDevice[] usbDevices) [0x00081] in <ab639f04fe68482e8095b4649da26631>:0 
  at UnityEditor.Android.TargetExtension.OnLoad () [0x0008d] in <ab639f04fe68482e8095b4649da26631>:0 
  at UnityEditor.Modules.ModuleManager.InitializePlatformSupportModules () [0x0009d] in <814ad583114542d98f219069942d9500>:0 

Refreshing native plugins compatible for Editor in 77.96 ms, found 3 plugins.
Preloading 0 native plugins for Editor in 0.00 ms.
Mono: successfully reloaded assembly
- Completed reload, in  1.028 seconds
Domain Reload Profiling:
	ReloadAssembly (1028ms)
		BeginReloadAssembly (150ms)
			ExecutionOrderSort (0ms)
			DisableScriptedObjects (0ms)
			BackupInstance (0ms)
			ReleaseScriptingObjects (0ms)
			CreateAndSetChildDomain (1ms)
		EndReloadAssembly (715ms)
			LoadAssemblies (145ms)
			RebuildTransferFunctionScriptingTraits (0ms)
			SetupTypeCache (149ms)
			ReleaseScriptCaches (0ms)
			RebuildScriptCaches (43ms)
			SetupLoadedEditorAssemblies (464ms)
				LogAssemblyErrors (0ms)
				InitializePlatformSupportModulesInManaged (174ms)
				SetLoadedEditorAssemblies (0ms)
				RefreshPlugins (78ms)
				BeforeProcessingInitializeOnLoad (2ms)
				ProcessInitializeOnLoadAttributes (151ms)
				ProcessInitializeOnLoadMethodAttributes (59ms)
				AfterProcessingInitializeOnLoad (0ms)
				EditorAssembliesLoaded (0ms)
			ExecutionOrderSort2 (0ms)
			AwakeInstancesAfterBackupRestoration (0ms)
Native extension for WindowsStandalone target not found
Native extension for Android target not found
Native extension for WebGL target not found
Registering precompiled user dll's ...
Registered in 0.010308 seconds.
Begin MonoManager ReloadAssembly
Native extension for WindowsStandalone target not found
Native extension for Android target not found
Native extension for WebGL target not found
Refreshing native plugins compatible for Editor in 0.67 ms, found 3 plugins.
Preloading 0 native plugins for Editor in 0.00 ms.
Package Manager log level set to [2]
[Package Manager] Server::EnsureServerProcessIsRunning -- launch failed, reason: Unity was launched with the -noUpm command-line argument
[Package Manager] Cannot connect to Unity Package Manager local server
Mono: successfully reloaded assembly
- Completed reload, in  1.975 seconds
Domain Reload Profiling:
	ReloadAssembly (1976ms)
		BeginReloadAssembly (201ms)
			ExecutionOrderSort (0ms)
			DisableScriptedObjects (18ms)
			BackupInstance (0ms)
			ReleaseScriptingObjects (0ms)
			CreateAndSetChildDomain (34ms)
		EndReloadAssembly (1621ms)
			LoadAssemblies (132ms)
			RebuildTransferFunctionScriptingTraits (0ms)
			SetupTypeCache (406ms)
			ReleaseScriptCaches (1ms)
			RebuildScriptCaches (69ms)
			SetupLoadedEditorAssemblies (991ms)
				LogAssemblyErrors (0ms)
				InitializePlatformSupportModulesInManaged (31ms)
				SetLoadedEditorAssemblies (1ms)
				RefreshPlugins (1ms)
				BeforeProcessingInitializeOnLoad (102ms)
				ProcessInitializeOnLoadAttributes (782ms)
				ProcessInitializeOnLoadMethodAttributes (59ms)
				AfterProcessingInitializeOnLoad (15ms)
				EditorAssembliesLoaded (0ms)
			ExecutionOrderSort2 (0ms)
			AwakeInstancesAfterBackupRestoration (7ms)
Platform modules already initialized, skipping
========================================================================
Worker process is ready to serve import requests
Launched and connected shader compiler UnityShaderCompiler.exe after 0.06 seconds
Refreshing native plugins compatible for Editor in 0.81 ms, found 3 plugins.
Preloading 0 native plugins for Editor in 0.00 ms.
Unloading 3151 Unused Serialized files (Serialized files now loaded: 0)
Unloading 30 unused Assets / (46.6 KB). Loaded Objects now: 3629.
Memory consumption went from 119.8 MB to 119.8 MB.
Total: 3.824800 ms (FindLiveObjects: 0.339000 ms CreateObjectMapping: 0.186200 ms MarkObjects: 3.219000 ms  DeleteObjects: 0.079700 ms)

AssetImportParameters requested are different than current active one (requested -> active):
  custom:video-decoder-ogg-theora: a1e56fd34408186e4bbccfd4996cb3dc -> 
  custom:container-muxer-webm: aa71ff27fc2769a1b78a27578f13a17b -> 
  custom:container-demuxer-webm: 4f35f7cbe854078d1ac9338744f61a02 -> 
  custom:video-encoder-webm-vp8: eb34c28f22e8b96e1ab97ce403110664 -> 
  custom:CustomObjectIndexerAttribute: bc11b3a6c3213fcdd17b65e7da85e133 -> 
  custom:audio-encoder-webm-vorbis: bf7c407c2cedff20999df2af8eb42d56 -> 
  custom:framework-win-MediaFoundation: 216162199b28c13a410421893ffa2e32 -> 
  custom:SearchIndexIgnoredProperties: e643bd26f0fe6173181afceb89e7c659 -> 
  custom:container-demuxer-ogg: 62fdf1f143b41e24485cea50d1cbac27 -> 
  custom:video-decoder-webm-vp8: 9c59270c3fd7afecdb556c50c9e8de78 -> 
  custom:audio-decoder-ogg-vorbis: bf7c407c2cedff20999df2af8eb42d56 -> 
========================================================================
Received Prepare
Registering precompiled user dll's ...
Registered in 0.011268 seconds.
Begin MonoManager ReloadAssembly
Native extension for WindowsStandalone target not found
Native extension for Android target not found
Native extension for WebGL target not found
Refreshing native plugins compatible for Editor in 0.83 ms, found 3 plugins.
Preloading 0 native plugins for Editor in 0.00 ms.
[Package Manager] Server::EnsureServerProcessIsRunning -- launch failed, reason: Unity was launched with the -noUpm command-line argument
[Package Manager] Cannot connect to Unity Package Manager local server
Mono: successfully reloaded assembly
- Completed reload, in  1.998 seconds
Domain Reload Profiling:
	ReloadAssembly (1999ms)
		BeginReloadAssembly (245ms)
			ExecutionOrderSort (0ms)
			DisableScriptedObjects (7ms)
			BackupInstance (0ms)
			ReleaseScriptingObjects (0ms)
			CreateAndSetChildDomain (66ms)
		EndReloadAssembly (1613ms)
			LoadAssemblies (145ms)
			RebuildTransferFunctionScriptingTraits (0ms)
			SetupTypeCache (393ms)
			ReleaseScriptCaches (2ms)
			RebuildScriptCaches (60ms)
			SetupLoadedEditorAssemblies (990ms)
				LogAssemblyErrors (0ms)
				InitializePlatformSupportModulesInManaged (36ms)
				SetLoadedEditorAssemblies (1ms)
				RefreshPlugins (1ms)
				BeforeProcessingInitializeOnLoad (82ms)
				ProcessInitializeOnLoadAttributes (777ms)
				ProcessInitializeOnLoadMethodAttributes (77ms)
				AfterProcessingInitializeOnLoad (16ms)
				EditorAssembliesLoaded (0ms)
			ExecutionOrderSort2 (0ms)
			AwakeInstancesAfterBackupRestoration (8ms)
Platform modules already initialized, skipping
Refreshing native plugins compatible for Editor in 0.60 ms, found 3 plugins.
Preloading 0 native plugins for Editor in 0.00 ms.
Unloading 3130 Unused Serialized files (Serialized files now loaded: 0)
Unloading 25 unused Assets / (21.9 KB). Loaded Objects now: 3632.
Memory consumption went from 118.0 MB to 118.0 MB.
Total: 3.676800 ms (FindLiveObjects: 0.333200 ms CreateObjectMapping: 0.190800 ms MarkObjects: 3.133100 ms  DeleteObjects: 0.018700 ms)

AssetImportParameters requested are different than current active one (requested -> active):
  custom:video-decoder-ogg-theora: a1e56fd34408186e4bbccfd4996cb3dc -> 
  custom:container-muxer-webm: aa71ff27fc2769a1b78a27578f13a17b -> 
  custom:container-demuxer-webm: 4f35f7cbe854078d1ac9338744f61a02 -> 
  custom:video-encoder-webm-vp8: eb34c28f22e8b96e1ab97ce403110664 -> 
  custom:CustomObjectIndexerAttribute: bc11b3a6c3213fcdd17b65e7da85e133 -> 
  custom:audio-encoder-webm-vorbis: bf7c407c2cedff20999df2af8eb42d56 -> 
  custom:framework-win-MediaFoundation: 216162199b28c13a410421893ffa2e32 -> 
  custom:SearchIndexIgnoredProperties: e643bd26f0fe6173181afceb89e7c659 -> 
  custom:container-demuxer-ogg: 62fdf1f143b41e24485cea50d1cbac27 -> 
  custom:video-decoder-webm-vp8: 9c59270c3fd7afecdb556c50c9e8de78 -> 
  custom:audio-decoder-ogg-vorbis: bf7c407c2cedff20999df2af8eb42d56 -> 
========================================================================
Received Import Request.
  Time since last request: 6162.771047 seconds.
  path: Assets/FingerSoccerKit/Textures/UI/Cup.png
  artifactKey: Guid(418f5f877e3542b44864daaa55679658) Importer(815301076,1909f56bfc062723c751e8b465ee728b)
Number of updated assets reloaded before import = 0
Start importing Assets/FingerSoccerKit/Textures/UI/Cup.png using Guid(418f5f877e3542b44864daaa55679658) Importer(815301076,1909f56bfc062723c751e8b465ee728b)  -> (artifact id: 'f4811277d91cad550bd615a5549a0695') in 0.120305 seconds 
Number of asset objects unloaded after import = 2
========================================================================
Received Import Request.
  Time since last request: 0.049321 seconds.
  path: Assets/FingerSoccerKit/Textures/UI/cellBG.png
  artifactKey: Guid(18b66ece1b7f12745b1ead6e995efd04) Importer(815301076,1909f56bfc062723c751e8b465ee728b)
Number of updated assets reloaded before import = 0
Start importing Assets/FingerSoccerKit/Textures/UI/cellBG.png using Guid(18b66ece1b7f12745b1ead6e995efd04) Importer(815301076,1909f56bfc062723c751e8b465ee728b)  -> (artifact id: '819142adc230e7d657ffb80c0b14ed8d') in 0.013585 seconds 
Number of asset objects unloaded after import = 2
========================================================================
Received Import Request.
  Time since last request: 0.028451 seconds.
  path: Assets/FingerSoccerKit/Textures/UI/BuyTeams.png
  artifactKey: Guid(a7eac41cdb9d11649a3d359043fd3f5a) Importer(815301076,1909f56bfc062723c751e8b465ee728b)
Number of updated assets reloaded before import = 0
Start importing Assets/FingerSoccerKit/Textures/UI/BuyTeams.png using Guid(a7eac41cdb9d11649a3d359043fd3f5a) Importer(815301076,1909f56bfc062723c751e8b465ee728b)  -> (artifact id: 'dd33455b0764578c5410e90ead4e4d3b') in 0.037709 seconds 
Number of asset objects unloaded after import = 2
========================================================================
Received Import Request.
  Time since last request: 0.000019 seconds.
  path: Assets/FingerSoccerKit/Textures/UI/BTN3.png
  artifactKey: Guid(0fe791c7a59b66d47a0d515729594aee) Importer(815301076,1909f56bfc062723c751e8b465ee728b)
Number of updated assets reloaded before import = 0
Start importing Assets/FingerSoccerKit/Textures/UI/BTN3.png using Guid(0fe791c7a59b66d47a0d515729594aee) Importer(815301076,1909f56bfc062723c751e8b465ee728b)  -> (artifact id: '39abf7da1e787e509e929931f4909830') in 0.010960 seconds 
Number of asset objects unloaded after import = 2
========================================================================
Received Import Request.
  Time since last request: 0.000060 seconds.
  path: Assets/FingerSoccerKit/Textures/UI/BuyFormation.png
  artifactKey: Guid(164cd9c5016c705479048ea0186fec5c) Importer(815301076,1909f56bfc062723c751e8b465ee728b)
Number of updated assets reloaded before import = 0
Start importing Assets/FingerSoccerKit/Textures/UI/BuyFormation.png using Guid(164cd9c5016c705479048ea0186fec5c) Importer(815301076,1909f56bfc062723c751e8b465ee728b)  -> (artifact id: '03c53ad8e44ea2f7be0c97eb2afd8858') in 0.011930 seconds 
Number of asset objects unloaded after import = 2
========================================================================
Received Import Request.
  Time since last request: 0.113949 seconds.
  path: Assets/FingerSoccerKit/Textures/UI/BTN-Shop.png
  artifactKey: Guid(a5bf9823a284d6a44acf5f0f0b8271f7) Importer(815301076,1909f56bfc062723c751e8b465ee728b)
Number of updated assets reloaded before import = 0
Start importing Assets/FingerSoccerKit/Textures/UI/BTN-Shop.png using Guid(a5bf9823a284d6a44acf5f0f0b8271f7) Importer(815301076,1909f56bfc062723c751e8b465ee728b)  -> (artifact id: '5bb95f4155f9e6625fabe07f76119205') in 0.008355 seconds 
Number of asset objects unloaded after import = 2
========================================================================
Received Import Request.
  Time since last request: 0.020914 seconds.
  path: Assets/FingerSoccerKit/Textures/UI/BTN-Play2.png
  artifactKey: Guid(c73600d41882bc9469e899f723490543) Importer(815301076,1909f56bfc062723c751e8b465ee728b)
Number of updated assets reloaded before import = 0
Start importing Assets/FingerSoccerKit/Textures/UI/BTN-Play2.png using Guid(c73600d41882bc9469e899f723490543) Importer(815301076,1909f56bfc062723c751e8b465ee728b)  -> (artifact id: '7178ba6a7255d86e9e888d80dd8c0fb5') in 0.020189 seconds 
Number of asset objects unloaded after import = 2
========================================================================
Received Import Request.
  Time since last request: 0.000031 seconds.
  path: Assets/FingerSoccerKit/Textures/Menu/btn-03.png
  artifactKey: Guid(1b5d7179381ae454d9bd7413ecbaab91) Importer(815301076,1909f56bfc062723c751e8b465ee728b)
Number of updated assets reloaded before import = 0
Start importing Assets/FingerSoccerKit/Textures/Menu/btn-03.png using Guid(1b5d7179381ae454d9bd7413ecbaab91) Importer(815301076,1909f56bfc062723c751e8b465ee728b)  -> (artifact id: '46920d6b8cc9505cae08f1514f5ca88f') in 0.014024 seconds 
Number of asset objects unloaded after import = 2
========================================================================
Received Import Request.
  Time since last request: 0.242841 seconds.
  path: Assets/FingerSoccerKit/Textures/Menu/btn-02.png
  artifactKey: Guid(8aa97531f2fb1404e88abf7ad5f618cd) Importer(815301076,1909f56bfc062723c751e8b465ee728b)
Number of updated assets reloaded before import = 0
Start importing Assets/FingerSoccerKit/Textures/Menu/btn-02.png using Guid(8aa97531f2fb1404e88abf7ad5f618cd) Importer(815301076,1909f56bfc062723c751e8b465ee728b)  -> (artifact id: '12e1d120162a873a2549d2287e273348') in 0.020191 seconds 
Number of asset objects unloaded after import = 2
========================================================================
Received Import Request.
  Time since last request: 0.104494 seconds.
  path: Assets/FingerSoccerKit/Textures/Backgrounds/Background-main.psd
  artifactKey: Guid(2d838c00a225d724da47c87632c200a8) Importer(815301076,1909f56bfc062723c751e8b465ee728b)
Number of updated assets reloaded before import = 0
Start importing Assets/FingerSoccerKit/Textures/Backgrounds/Background-main.psd using Guid(2d838c00a225d724da47c87632c200a8) Importer(815301076,1909f56bfc062723c751e8b465ee728b)  -> (artifact id: '476058d7ef152d536e6249e5ddd57d66') in 0.019533 seconds 
Number of asset objects unloaded after import = 2
========================================================================
Received Import Request.
  Time since last request: 0.208896 seconds.
  path: Assets/FingerSoccerKit/Textures/UI/arrowR-Yellow.png
  artifactKey: Guid(366a6b8ce66713a4fb9ee5c4542b1ba5) Importer(815301076,1909f56bfc062723c751e8b465ee728b)
Number of updated assets reloaded before import = 0
Start importing Assets/FingerSoccerKit/Textures/UI/arrowR-Yellow.png using Guid(366a6b8ce66713a4fb9ee5c4542b1ba5) Importer(815301076,1909f56bfc062723c751e8b465ee728b)  -> (artifact id: '6b0dfec94194befe22f577feac6f1f14') in 0.010394 seconds 
Number of asset objects unloaded after import = 2
========================================================================
Received Import Request.
  Time since last request: 1.918907 seconds.
  path: Assets/Plugins/ByteGame/com.bytedance.starksdk/Icons/follow_icon_show.png
  artifactKey: Guid(c9ee342b0f3c04acf8d075af65451878) Importer(815301076,1909f56bfc062723c751e8b465ee728b)
Number of updated assets reloaded before import = 0
Start importing Assets/Plugins/ByteGame/com.bytedance.starksdk/Icons/follow_icon_show.png using Guid(c9ee342b0f3c04acf8d075af65451878) Importer(815301076,1909f56bfc062723c751e8b465ee728b)  -> (artifact id: 'b78dc8e1aee9990db06f3a045c546e0b') in 0.014996 seconds 
Number of asset objects unloaded after import = 2
========================================================================
Received Import Request.
  Time since last request: 0.025565 seconds.
  path: Assets/FingerSoccerKit/Textures/UI/formationMain.png
  artifactKey: Guid(5ff162d366b1e7342bc761a5fbe04f76) Importer(815301076,1909f56bfc062723c751e8b465ee728b)
Number of updated assets reloaded before import = 0
Start importing Assets/FingerSoccerKit/Textures/UI/formationMain.png using Guid(5ff162d366b1e7342bc761a5fbe04f76) Importer(815301076,1909f56bfc062723c751e8b465ee728b)  -> (artifact id: '6cdcd5dbd1ef673f4760f7b9c28fb118') in 0.008567 seconds 
Number of asset objects unloaded after import = 2
========================================================================
Received Import Request.
  Time since last request: 0.000018 seconds.
  path: Assets/FingerSoccerKit/Textures/Backgrounds/gate.png
  artifactKey: Guid(0b4b9e3cceffd0a4d8a7a7667e20a3c1) Importer(815301076,1909f56bfc062723c751e8b465ee728b)
Number of updated assets reloaded before import = 0
Start importing Assets/FingerSoccerKit/Textures/Backgrounds/gate.png using Guid(0b4b9e3cceffd0a4d8a7a7667e20a3c1) Importer(815301076,1909f56bfc062723c751e8b465ee728b)  -> (artifact id: 'd4f41dd4c457ae0493b165fd2b32aa47') in 0.007197 seconds 
Number of asset objects unloaded after import = 2
========================================================================
Received Import Request.
  Time since last request: 0.000016 seconds.
  path: Assets/FingerSoccerKit/Textures/UI/frame-Normal.png
  artifactKey: Guid(40491e1e503fa5845bcfe13f73a0f121) Importer(815301076,1909f56bfc062723c751e8b465ee728b)
Number of updated assets reloaded before import = 0
Start importing Assets/FingerSoccerKit/Textures/UI/frame-Normal.png using Guid(40491e1e503fa5845bcfe13f73a0f121) Importer(815301076,1909f56bfc062723c751e8b465ee728b)  -> (artifact id: 'f3ffa9eba1c524bfaf475d6a9f52f045') in 0.007057 seconds 
Number of asset objects unloaded after import = 2
========================================================================
Received Import Request.
  Time since last request: 0.000017 seconds.
  path: Assets/FingerSoccerKit/Textures/UI/frame-Win.png
  artifactKey: Guid(963ed73790547a74582b9dc1888b16e0) Importer(815301076,1909f56bfc062723c751e8b465ee728b)
Number of updated assets reloaded before import = 0
Start importing Assets/FingerSoccerKit/Textures/UI/frame-Win.png using Guid(963ed73790547a74582b9dc1888b16e0) Importer(815301076,1909f56bfc062723c751e8b465ee728b)  -> (artifact id: '0e3d2dd9f339a99ba0a772f26f08a557') in 0.006463 seconds 
Number of asset objects unloaded after import = 2
========================================================================
Received Import Request.
  Time since last request: 0.000016 seconds.
  path: Assets/FingerSoccerKit/Textures/UI/Goal.psd
  artifactKey: Guid(4807e92b0b6ce7a4489e51a47048577e) Importer(815301076,1909f56bfc062723c751e8b465ee728b)
Number of updated assets reloaded before import = 0
Start importing Assets/FingerSoccerKit/Textures/UI/Goal.psd using Guid(4807e92b0b6ce7a4489e51a47048577e) Importer(815301076,1909f56bfc062723c751e8b465ee728b)  -> (artifact id: '7db9ceb6721dac3e76c89dabf9e115d2') in 0.010277 seconds 
Number of asset objects unloaded after import = 2
========================================================================
Received Import Request.
  Time since last request: 0.000018 seconds.
  path: Assets/FingerSoccerKit/Textures/UI/Halo3.png
  artifactKey: Guid(429af02a9b9bfea4e8f8700ec8829fcd) Importer(815301076,1909f56bfc062723c751e8b465ee728b)
Number of updated assets reloaded before import = 0
Start importing Assets/FingerSoccerKit/Textures/UI/Halo3.png using Guid(429af02a9b9bfea4e8f8700ec8829fcd) Importer(815301076,1909f56bfc062723c751e8b465ee728b)  -> (artifact id: 'b76e316c3c1c74d3111db826cfe95947') in 0.006094 seconds 
Number of asset objects unloaded after import = 2
========================================================================
Received Import Request.
  Time since last request: 0.005701 seconds.
  path: Assets/FingerSoccerKit/Textures/Icon/icon_precise-n.png
  artifactKey: Guid(2401acfb87d13de4792e5dabd6ee9bfe) Importer(815301076,1909f56bfc062723c751e8b465ee728b)
Number of updated assets reloaded before import = 0
Start importing Assets/FingerSoccerKit/Textures/Icon/icon_precise-n.png using Guid(2401acfb87d13de4792e5dabd6ee9bfe) Importer(815301076,1909f56bfc062723c751e8b465ee728b)  -> (artifact id: 'edea9aea67847fa2fc4ed12f03241257') in 0.007639 seconds 
Number of asset objects unloaded after import = 2
========================================================================
Received Import Request.
  Time since last request: 0.000017 seconds.
  path: Assets/FingerSoccerKit/Textures/Menu/logoGame.psd
  artifactKey: Guid(0f811fa4bd6274a4c99b744fa8e05003) Importer(815301076,1909f56bfc062723c751e8b465ee728b)
Number of updated assets reloaded before import = 0
Start importing Assets/FingerSoccerKit/Textures/Menu/logoGame.psd using Guid(0f811fa4bd6274a4c99b744fa8e05003) Importer(815301076,1909f56bfc062723c751e8b465ee728b)  -> (artifact id: '4638fb8e00156adaa8113fd304754e00') in 0.007039 seconds 
Number of asset objects unloaded after import = 2
========================================================================
Received Import Request.
  Time since last request: 0.000016 seconds.
  path: Assets/TextMesh Pro/Resources/Fonts & Materials/LiberationSans SDF.asset
  artifactKey: Guid(8f586378b4e144a9851e7b34d9b748ee) Importer(815301076,1909f56bfc062723c751e8b465ee728b)
Number of updated assets reloaded before import = 0
Start importing Assets/TextMesh Pro/Resources/Fonts & Materials/LiberationSans SDF.asset using Guid(8f586378b4e144a9851e7b34d9b748ee) Importer(815301076,1909f56bfc062723c751e8b465ee728b)  -> (artifact id: '75001dcd29a7e816e84bfe4c0e506092') in 0.111572 seconds 
Number of asset objects unloaded after import = 9
========================================================================
Received Import Request.
  Time since last request: 0.000024 seconds.
  path: Assets/FingerSoccerKit/Textures/UI/timeBar.png
  artifactKey: Guid(336399561fa559944bc9595bad0127e6) Importer(815301076,1909f56bfc062723c751e8b465ee728b)
Number of updated assets reloaded before import = 0
Start importing Assets/FingerSoccerKit/Textures/UI/timeBar.png using Guid(336399561fa559944bc9595bad0127e6) Importer(815301076,1909f56bfc062723c751e8b465ee728b)  -> (artifact id: '117d351ead0b93b40257992a72fffbec') in 0.007626 seconds 
Number of asset objects unloaded after import = 2
========================================================================
Received Import Request.
  Time since last request: 0.000029 seconds.
  path: Assets/FingerSoccerKit/Textures/Gfx/ShootCircle.png
  artifactKey: Guid(bb520ac877f15fd459d317a665813388) Importer(815301076,1909f56bfc062723c751e8b465ee728b)
Number of updated assets reloaded before import = 0
Start importing Assets/FingerSoccerKit/Textures/Gfx/ShootCircle.png using Guid(bb520ac877f15fd459d317a665813388) Importer(815301076,1909f56bfc062723c751e8b465ee728b)  -> (artifact id: '30437575e5b1a6cff11e1a6796e580fb') in 0.007084 seconds 
Number of asset objects unloaded after import = 2
========================================================================
Received Import Request.
  Time since last request: 0.000018 seconds.
  path: Assets/FingerSoccerKit/Textures/UI/shopTeam-03.psd
  artifactKey: Guid(76d66a04318d5a247af7bbf8cec67fbd) Importer(815301076,1909f56bfc062723c751e8b465ee728b)
Number of updated assets reloaded before import = 0
Start importing Assets/FingerSoccerKit/Textures/UI/shopTeam-03.psd using Guid(76d66a04318d5a247af7bbf8cec67fbd) Importer(815301076,1909f56bfc062723c751e8b465ee728b)  -> (artifact id: 'b445e3a7003499dde00c12c6cbfd06c2') in 0.008390 seconds 
Number of asset objects unloaded after import = 2
========================================================================
Received Import Request.
  Time since last request: 0.000019 seconds.
  path: Assets/FingerSoccerKit/Textures/UI/Selectcadr-Yellow.png
  artifactKey: Guid(cd5c60144c28eb244955313d4fc30926) Importer(815301076,1909f56bfc062723c751e8b465ee728b)
Number of updated assets reloaded before import = 0
Start importing Assets/FingerSoccerKit/Textures/UI/Selectcadr-Yellow.png using Guid(cd5c60144c28eb244955313d4fc30926) Importer(815301076,1909f56bfc062723c751e8b465ee728b)  -> (artifact id: '3368b7045158443c4bdd69ad9105fbdc') in 0.008643 seconds 
Number of asset objects unloaded after import = 2
========================================================================
Received Import Request.
  Time since last request: 0.000023 seconds.
  path: Assets/FingerSoccerKit/Textures/Menu/moneyIcon.png
  artifactKey: Guid(01242583439dc6041a64d060f2f2734e) Importer(815301076,1909f56bfc062723c751e8b465ee728b)
Number of updated assets reloaded before import = 0
Start importing Assets/FingerSoccerKit/Textures/Menu/moneyIcon.png using Guid(01242583439dc6041a64d060f2f2734e) Importer(815301076,1909f56bfc062723c751e8b465ee728b)  -> (artifact id: 'f2d7a25599d564973d599d8fcfb9b9cb') in 0.007847 seconds 
Number of asset objects unloaded after import = 2
========================================================================
Received Import Request.
  Time since last request: 0.000017 seconds.
  path: Assets/FingerSoccerKit/Textures/UI/玩家1胜利.png
  artifactKey: Guid(c4ad52cbed910de4294407dac6f00921) Importer(815301076,1909f56bfc062723c751e8b465ee728b)
Number of updated assets reloaded before import = 0
Start importing Assets/FingerSoccerKit/Textures/UI/玩家1胜利.png using Guid(c4ad52cbed910de4294407dac6f00921) Importer(815301076,1909f56bfc062723c751e8b465ee728b)  -> (artifact id: 'd8a46830ca6749c38e55bc4dc147076f') in 0.006298 seconds 
Number of asset objects unloaded after import = 2
========================================================================
Received Import Request.
  Time since last request: 0.000014 seconds.
  path: Assets/FingerSoccerKit/Textures/UI/玩家2胜利.png
  artifactKey: Guid(6fe2641476d726845906f64cfb257130) Importer(815301076,1909f56bfc062723c751e8b465ee728b)
Number of updated assets reloaded before import = 0
Start importing Assets/FingerSoccerKit/Textures/UI/玩家2胜利.png using Guid(6fe2641476d726845906f64cfb257130) Importer(815301076,1909f56bfc062723c751e8b465ee728b)  -> (artifact id: '4640e088fe921095324896bb565d45c1') in 0.006224 seconds 
Number of asset objects unloaded after import = 2
========================================================================
Received Import Request.
  Time since last request: 0.000016 seconds.
  path: Assets/MIAOZIDONGMANTI-REGULAR SDF.asset
  artifactKey: Guid(cc4da9965f16f3245b0144faccfbd568) Importer(815301076,1909f56bfc062723c751e8b465ee728b)
Number of updated assets reloaded before import = 0
Start importing Assets/MIAOZIDONGMANTI-REGULAR SDF.asset using Guid(cc4da9965f16f3245b0144faccfbd568) Importer(815301076,1909f56bfc062723c751e8b465ee728b)  -> (artifact id: 'af30f9af856c3f0fc2c3e750bd2540a9') in 0.043185 seconds 
Number of asset objects unloaded after import = 6
========================================================================
Received Import Request.
  Time since last request: 0.000022 seconds.
  path: Assets/FingerSoccerKit/Textures/Gfx/star.png
  artifactKey: Guid(3e67959e1841c8640837009f528270b0) Importer(815301076,1909f56bfc062723c751e8b465ee728b)
Number of updated assets reloaded before import = 0
Start importing Assets/FingerSoccerKit/Textures/Gfx/star.png using Guid(3e67959e1841c8640837009f528270b0) Importer(815301076,1909f56bfc062723c751e8b465ee728b)  -> (artifact id: '1c9f5beb5b13b7e76380988d4ddd338a') in 0.006869 seconds 
Number of asset objects unloaded after import = 2
========================================================================
Received Import Request.
  Time since last request: 0.000019 seconds.
  path: Assets/FingerSoccerKit/Textures/Coins/money-03.png
  artifactKey: Guid(015018a807a55654b9438b984f06b7c6) Importer(815301076,1909f56bfc062723c751e8b465ee728b)
Number of updated assets reloaded before import = 0
Start importing Assets/FingerSoccerKit/Textures/Coins/money-03.png using Guid(015018a807a55654b9438b984f06b7c6) Importer(815301076,1909f56bfc062723c751e8b465ee728b)  -> (artifact id: 'b246ea2d439b8f8deb3e4fbcbf26e9a1') in 0.007720 seconds 
Number of asset objects unloaded after import = 2
========================================================================
Received Import Request.
  Time since last request: 0.000022 seconds.
  path: Assets/FingerSoccerKit/Textures/UI/游戏失败橙色.png
  artifactKey: Guid(7e4228120c9116c458758a700f314f2c) Importer(815301076,1909f56bfc062723c751e8b465ee728b)
Number of updated assets reloaded before import = 0
Start importing Assets/FingerSoccerKit/Textures/UI/游戏失败橙色.png using Guid(7e4228120c9116c458758a700f314f2c) Importer(815301076,1909f56bfc062723c751e8b465ee728b)  -> (artifact id: '2695818f648f9be88925be471b8de381') in 0.007628 seconds 
Number of asset objects unloaded after import = 2
========================================================================
Received Import Request.
  Time since last request: 0.000019 seconds.
  path: Assets/Plugins/ByteGame/com.bytedance.starksdk/Icons/official_icon_show2.png
  artifactKey: Guid(9031c5886340d44cfb5388e8fc197bbf) Importer(815301076,1909f56bfc062723c751e8b465ee728b)
Number of updated assets reloaded before import = 0
Start importing Assets/Plugins/ByteGame/com.bytedance.starksdk/Icons/official_icon_show2.png using Guid(9031c5886340d44cfb5388e8fc197bbf) Importer(815301076,1909f56bfc062723c751e8b465ee728b)  -> (artifact id: '086e8ff835484cc615041a35cdf7b45c') in 0.007912 seconds 
Number of asset objects unloaded after import = 2
========================================================================
Received Import Request.
  Time since last request: 0.000020 seconds.
  path: Assets/FingerSoccerKit/Textures/Gfx/trail.png
  artifactKey: Guid(3198c4f9f3406d94c95292273c7fb65d) Importer(815301076,1909f56bfc062723c751e8b465ee728b)
Number of updated assets reloaded before import = 0
Start importing Assets/FingerSoccerKit/Textures/Gfx/trail.png using Guid(3198c4f9f3406d94c95292273c7fb65d) Importer(815301076,1909f56bfc062723c751e8b465ee728b)  -> (artifact id: '410f38fe0981bce68300a38b8542b089') in 0.008072 seconds 
Number of asset objects unloaded after import = 2
========================================================================
Received Import Request.
  Time since last request: 0.000019 seconds.
  path: Assets/FingerSoccerKit/Textures/Coins/money-02.png
  artifactKey: Guid(d9e50cf06207fd34f91f920d6481865c) Importer(815301076,1909f56bfc062723c751e8b465ee728b)
Number of updated assets reloaded before import = 0
Start importing Assets/FingerSoccerKit/Textures/Coins/money-02.png using Guid(d9e50cf06207fd34f91f920d6481865c) Importer(815301076,1909f56bfc062723c751e8b465ee728b)  -> (artifact id: '7bad680714be83511f67670ed157906f') in 0.007249 seconds 
Number of asset objects unloaded after import = 2
========================================================================
Received Import Request.
  Time since last request: 0.000017 seconds.
  path: Assets/FingerSoccerKit/Textures/UI/you-win.psd
  artifactKey: Guid(b70472af3287ab946b6db845f9224f18) Importer(815301076,1909f56bfc062723c751e8b465ee728b)
Number of updated assets reloaded before import = 0
Start importing Assets/FingerSoccerKit/Textures/UI/you-win.psd using Guid(b70472af3287ab946b6db845f9224f18) Importer(815301076,1909f56bfc062723c751e8b465ee728b)  -> (artifact id: '446082d67b8875edda1a9b1de3ac83bc') in 0.005736 seconds 
Number of asset objects unloaded after import = 2
========================================================================
Received Import Request.
  Time since last request: 0.000016 seconds.
  path: Assets/FingerSoccerKit/Textures/Backgrounds/menuBG-2.png
  artifactKey: Guid(3241658a6393d0b4f8b3df81789aa856) Importer(815301076,1909f56bfc062723c751e8b465ee728b)
Number of updated assets reloaded before import = 0
Start importing Assets/FingerSoccerKit/Textures/Backgrounds/menuBG-2.png using Guid(3241658a6393d0b4f8b3df81789aa856) Importer(815301076,1909f56bfc062723c751e8b465ee728b)  -> (artifact id: '41c5b70aa974185092b44bf34bc57531') in 0.030701 seconds 
Number of asset objects unloaded after import = 2
Editor requested this worker to shutdown with reason: Scaling down because of idle timeout
AssetImportWorker is now disconnected from the server
Process exiting
Exiting without the bug reporter. Application will terminate with return code 0